INFO: [VRFC 10-163] Analyzing VHDL file "C:/Users/Admin/Downloads/btl/final/project_1/project_1.ip_user_files/bd/design_1/ip/design_1_processing_system7_0_0/design_1_processing_system7_0_0_sim_netlist.vhdl" into library xil_defaultlib
INFO: [VRFC 10-3107] analyzing entity 'design_1_processing_system7_0_0_processing_system7_v5_5_processing_system7'
INFO: [VRFC 10-3107] analyzing entity 'design_1_processing_system7_0_0'
INFO: [VRFC 10-163] Analyzing VHDL file "C:/Users/Admin/Downloads/btl/final/project_1/project_1.srcs/sources_1/bd/design_1/ipshared/ba91/hdl/vhdl/conv2D_conv2D_AXILiteS_s_axi.vhd" into library xil_defaultlib
INFO: [VRFC 10-3107] analyzing entity 'conv2D_conv2D_AXILiteS_s_axi'
INFO: [VRFC 10-163] Analyzing VHDL file "C:/Users/Admin/Downloads/btl/final/project_1/project_1.srcs/sources_1/bd/design_1/ipshared/ba91/hdl/vhdl/conv2D_conv2D_gmem0_m_axi.vhd" into library xil_defaultlib
INFO: [VRFC 10-3107] analyzing entity 'conv2D_conv2D_gmem0_m_axi'
INFO: [VRFC 10-3107] analyzing entity 'conv2D_conv2D_gmem0_m_axi_reg_slice'
INFO: [VRFC 10-3107] analyzing entity 'conv2D_conv2D_gmem0_m_axi_fifo'
INFO: [VRFC 10-3107] analyzing entity 'conv2D_conv2D_gmem0_m_axi_buffer'
INFO: [VRFC 10-3107] analyzing entity 'conv2D_conv2D_gmem0_m_axi_decoder'
INFO: [VRFC 10-3107] analyzing entity 'conv2D_conv2D_gmem0_m_axi_throttl'
INFO: [VRFC 10-3107] analyzing entity 'conv2D_conv2D_gmem0_m_axi_read'
INFO: [VRFC 10-3107] analyzing entity 'conv2D_conv2D_gmem0_m_axi_write'
INFO: [VRFC 10-163] Analyzing VHDL file "C:/Users/Admin/Downloads/btl/final/project_1/project_1.srcs/sources_1/bd/design_1/ipshared/ba91/hdl/vhdl/conv2D_conv2D_gmem1_m_axi.vhd" into library xil_defaultlib
INFO: [VRFC 10-3107] analyzing entity 'conv2D_conv2D_gmem1_m_axi'
INFO: [VRFC 10-3107] analyzing entity 'conv2D_conv2D_gmem1_m_axi_reg_slice'
INFO: [VRFC 10-3107] analyzing entity 'conv2D_conv2D_gmem1_m_axi_fifo'
INFO: [VRFC 10-3107] analyzing entity 'conv2D_conv2D_gmem1_m_axi_buffer'
INFO: [VRFC 10-3107] analyzing entity 'conv2D_conv2D_gmem1_m_axi_decoder'
INFO: [VRFC 10-3107] analyzing entity 'conv2D_conv2D_gmem1_m_axi_throttl'
INFO: [VRFC 10-3107] analyzing entity 'conv2D_conv2D_gmem1_m_axi_read'
INFO: [VRFC 10-3107] analyzing entity 'conv2D_conv2D_gmem1_m_axi_write'
INFO: [VRFC 10-163] Analyzing VHDL file "C:/Users/Admin/Downloads/btl/final/project_1/project_1.srcs/sources_1/bd/design_1/ipshared/ba91/hdl/vhdl/conv2D_conv2D_gmem2_m_axi.vhd" into library xil_defaultlib
INFO: [VRFC 10-3107] analyzing entity 'conv2D_conv2D_gmem2_m_axi'
INFO: [VRFC 10-3107] analyzing entity 'conv2D_conv2D_gmem2_m_axi_reg_slice'
INFO: [VRFC 10-3107] analyzing entity 'conv2D_conv2D_gmem2_m_axi_fifo'
INFO: [VRFC 10-3107] analyzing entity 'conv2D_conv2D_gmem2_m_axi_buffer'
INFO: [VRFC 10-3107] analyzing entity 'conv2D_conv2D_gmem2_m_axi_decoder'
INFO: [VRFC 10-3107] analyzing entity 'conv2D_conv2D_gmem2_m_axi_throttl'
INFO: [VRFC 10-3107] analyzing entity 'conv2D_conv2D_gmem2_m_axi_read'
INFO: [VRFC 10-3107] analyzing entity 'conv2D_conv2D_gmem2_m_axi_write'
INFO: [VRFC 10-163] Analyzing VHDL file "C:/Users/Admin/Downloads/btl/final/project_1/project_1.srcs/sources_1/bd/design_1/ipshared/ba91/hdl/vhdl/conv2D_conv2D_mul_32s_32s_32_4_1.vhd" into library xil_defaultlib
INFO: [VRFC 10-3107] analyzing entity 'conv2D_conv2D_mul_32s_32s_32_4_1_Mul4S_0'
INFO: [VRFC 10-3107] analyzing entity 'conv2D_conv2D_mul_32s_32s_32_4_1'
INFO: [VRFC 10-163] Analyzing VHDL file "C:/Users/Admin/Downloads/btl/final/project_1/project_1.srcs/sources_1/bd/design_1/ipshared/ba91/hdl/vhdl/conv2D_conv2D.vhd" into library xil_defaultlib
INFO: [VRFC 10-3107] analyzing entity 'conv2D_conv2D'
INFO: [VRFC 10-163] Analyzing VHDL file "C:/Users/Admin/Downloads/btl/final/project_1/project_1.ip_user_files/bd/design_1/ip/design_1_conv2D_0_0/sim/design_1_conv2D_0_0.vhd" into library xil_defaultlib
INFO: [VRFC 10-3107] analyzing entity 'design_1_conv2D_0_0'
INFO: [VRFC 10-163] Analyzing VHDL file "C:/Users/Admin/Downloads/btl/final/project_1/project_1.ip_user_files/bd/design_1/ip/design_1_axi_gpio_0_0/sim/design_1_axi_gpio_0_0.vhd" into library xil_defaultlib
INFO: [VRFC 10-3107] analyzing entity 'design_1_axi_gpio_0_0'
INFO: [VRFC 10-163] Analyzing VHDL file "C:/Users/Admin/Downloads/btl/final/project_1/project_1.ip_user_files/bd/design_1/ip/design_1_xbar_0/design_1_xbar_0_sim_netlist.vhdl" into library xil_defaultlib
INFO: [VRFC 10-3107] analyzing entity 'design_1_xbar_0_axi_crossbar_v2_1_19_addr_arbiter_sasd'
INFO: [VRFC 10-3107] analyzing entity 'design_1_xbar_0_axi_crossbar_v2_1_19_decerr_slave'
INFO: [VRFC 10-3107] analyzing entity 'design_1_xbar_0_axi_crossbar_v2_1_19_splitter'
INFO: [VRFC 10-3107] analyzing entity '\design_1_xbar_0_axi_crossbar_v2_1_19_splitter__parameterized0\'
INFO: [VRFC 10-3107] analyzing entity 'design_1_xbar_0_axi_register_slice_v2_1_18_axic_register_slice'
INFO: [VRFC 10-3107] analyzing entity 'design_1_xbar_0_axi_crossbar_v2_1_19_crossbar_sasd'
INFO: [VRFC 10-3107] analyzing entity 'design_1_xbar_0_axi_crossbar_v2_1_19_axi_crossbar'
INFO: [VRFC 10-3107] analyzing entity 'design_1_xbar_0'
INFO: [VRFC 10-163] Analyzing VHDL file "C:/Users/Admin/Downloads/btl/final/project_1/project_1.ip_user_files/bd/design_1/ip/design_1_auto_pc_0/design_1_auto_pc_0_sim_netlist.vhdl" into library xil_defaultlib
INFO: [VRFC 10-3107] analyzing entity 'design_1_auto_pc_0_axi_protocol_converter_v2_1_18_b2s_incr_cmd'
INFO: [VRFC 10-3107] analyzing entity 'design_1_auto_pc_0_axi_protocol_converter_v2_1_18_b2s_incr_cmd_2'
INFO: [VRFC 10-3107] analyzing entity 'design_1_auto_pc_0_axi_protocol_converter_v2_1_18_b2s_rd_cmd_fsm'
INFO: [VRFC 10-3107] analyzing entity 'design_1_auto_pc_0_axi_protocol_converter_v2_1_18_b2s_simple_fifo'
INFO: [VRFC 10-3107] analyzing entity '\design_1_auto_pc_0_axi_protocol_converter_v2_1_18_b2s_simple_fifo__parameterized0\'
INFO: [VRFC 10-3107] analyzing entity '\design_1_auto_pc_0_axi_protocol_converter_v2_1_18_b2s_simple_fifo__parameterized1\'
INFO: [VRFC 10-3107] analyzing entity '\design_1_auto_pc_0_axi_protocol_converter_v2_1_18_b2s_simple_fifo__parameterized2\'
INFO: [VRFC 10-3107] analyzing entity 'design_1_auto_pc_0_axi_protocol_converter_v2_1_18_b2s_wr_cmd_fsm'
INFO: [VRFC 10-3107] analyzing entity 'design_1_auto_pc_0_axi_protocol_converter_v2_1_18_b2s_wrap_cmd'
INFO: [VRFC 10-3107] analyzing entity 'design_1_auto_pc_0_axi_protocol_converter_v2_1_18_b2s_wrap_cmd_3'
INFO: [VRFC 10-3107] analyzing entity 'design_1_auto_pc_0_axi_register_slice_v2_1_18_axic_register_slice'
INFO: [VRFC 10-3107] analyzing entity 'design_1_auto_pc_0_axi_register_slice_v2_1_18_axic_register_slice_0'
INFO: [VRFC 10-3107] analyzing entity '\design_1_auto_pc_0_axi_register_slice_v2_1_18_axic_register_slice__parameterized1\'
INFO: [VRFC 10-3107] analyzing entity '\design_1_auto_pc_0_axi_register_slice_v2_1_18_axic_register_slice__parameterized2\'
INFO: [VRFC 10-3107] analyzing entity 'design_1_auto_pc_0_axi_protocol_converter_v2_1_18_b2s_b_channel'
INFO: [VRFC 10-3107] analyzing entity 'design_1_auto_pc_0_axi_protocol_converter_v2_1_18_b2s_cmd_translator'
INFO: [VRFC 10-3107] analyzing entity 'design_1_auto_pc_0_axi_protocol_converter_v2_1_18_b2s_cmd_translator_1'
INFO: [VRFC 10-3107] analyzing entity 'design_1_auto_pc_0_axi_protocol_converter_v2_1_18_b2s_r_channel'
INFO: [VRFC 10-3107] analyzing entity 'design_1_auto_pc_0_axi_register_slice_v2_1_18_axi_register_slice'
INFO: [VRFC 10-3107] analyzing entity 'design_1_auto_pc_0_axi_protocol_converter_v2_1_18_b2s_ar_channel'
INFO: [VRFC 10-3107] analyzing entity 'design_1_auto_pc_0_axi_protocol_converter_v2_1_18_b2s_aw_channel'
INFO: [VRFC 10-3107] analyzing entity 'design_1_auto_pc_0_axi_protocol_converter_v2_1_18_b2s'
INFO: [VRFC 10-3107] analyzing entity 'design_1_auto_pc_0_axi_protocol_converter_v2_1_18_axi_protocol_converter'
INFO: [VRFC 10-3107] analyzing entity 'design_1_auto_pc_0'
INFO: [VRFC 10-163] Analyzing VHDL file "C:/Users/Admin/Downloads/btl/final/project_1/project_1.ip_user_files/bd/design_1/ip/design_1_rst_ps7_0_100M_0/sim/design_1_rst_ps7_0_100M_0.vhd" into library xil_defaultlib
INFO: [VRFC 10-3107] analyzing entity 'design_1_rst_ps7_0_100M_0'
INFO: [VRFC 10-163] Analyzing VHDL file "C:/Users/Admin/Downloads/btl/final/project_1/project_1.ip_user_files/bd/design_1/sim/design_1.vhd" into library xil_defaultlib
INFO: [VRFC 10-3107] analyzing entity 'm00_couplers_imp_15SPJYW'
INFO: [VRFC 10-3107] analyzing entity 'm01_couplers_imp_XU9C55'
INFO: [VRFC 10-3107] analyzing entity 's00_couplers_imp_UYSKKA'
INFO: [VRFC 10-3107] analyzing entity 'design_1_ps7_0_axi_periph_0'
INFO: [VRFC 10-3107] analyzing entity 'design_1'
INFO: [VRFC 10-163] Analyzing VHDL file "C:/Users/Admin/Downloads/btl/final/project_1/project_1.srcs/sources_1/bd/design_1/hdl/design_1_wrapper.vhd" into library xil_defaultlib
INFO: [VRFC 10-3107] analyzing entity 'design_1_wrapper'
