INFO: [VRFC 10-163] Analyzing VHDL file "C:/Users/Admin/Downloads/btl/final/project_1/project_1.sim/sim_1/synth/func/xsim/design_1_wrapper_func_synth.vhd" into library xil_defaultlib
INFO: [VRFC 10-3107] analyzing entity 'design_1_auto_pc_0_axi_protocol_converter_v2_1_18_b2s_incr_cmd'
INFO: [VRFC 10-3107] analyzing entity 'design_1_auto_pc_0_axi_protocol_converter_v2_1_18_b2s_incr_cmd_2'
INFO: [VRFC 10-3107] analyzing entity 'design_1_auto_pc_0_axi_protocol_converter_v2_1_18_b2s_rd_cmd_fsm'
INFO: [VRFC 10-3107] analyzing entity 'design_1_auto_pc_0_axi_protocol_converter_v2_1_18_b2s_simple_fifo'
INFO: [VRFC 10-3107] analyzing entity '\design_1_auto_pc_0_axi_protocol_converter_v2_1_18_b2s_simple_fifo__parameterized0\'
INFO: [VRFC 10-3107] analyzing entity '\design_1_auto_pc_0_axi_protocol_converter_v2_1_18_b2s_simple_fifo__parameterized1\'
INFO: [VRFC 10-3107] analyzing entity '\design_1_auto_pc_0_axi_protocol_converter_v2_1_18_b2s_simple_fifo__parameterized2\'
INFO: [VRFC 10-3107] analyzing entity 'design_1_auto_pc_0_axi_protocol_converter_v2_1_18_b2s_wr_cmd_fsm'
INFO: [VRFC 10-3107] analyzing entity 'design_1_auto_pc_0_axi_protocol_converter_v2_1_18_b2s_wrap_cmd'
INFO: [VRFC 10-3107] analyzing entity 'design_1_auto_pc_0_axi_protocol_converter_v2_1_18_b2s_wrap_cmd_3'
INFO: [VRFC 10-3107] analyzing entity 'design_1_auto_pc_0_axi_register_slice_v2_1_18_axic_register_slice'
INFO: [VRFC 10-3107] analyzing entity 'design_1_auto_pc_0_axi_register_slice_v2_1_18_axic_register_slice_0'
INFO: [VRFC 10-3107] analyzing entity '\design_1_auto_pc_0_axi_register_slice_v2_1_18_axic_register_slice__parameterized1\'
INFO: [VRFC 10-3107] analyzing entity '\design_1_auto_pc_0_axi_register_slice_v2_1_18_axic_register_slice__parameterized2\'
INFO: [VRFC 10-3107] analyzing entity 'design_1_axi_gpio_0_0_address_decoder'
INFO: [VRFC 10-3107] analyzing entity 'design_1_axi_gpio_0_0_cdc_sync'
INFO: [VRFC 10-3107] analyzing entity 'design_1_conv2D_0_0_conv2D_conv2D_AXILiteS_s_axi'
INFO: [VRFC 10-3107] analyzing entity '\design_1_conv2D_0_0_conv2D_conv2D_gmem0_m_axi_buffer__parameterized1\'
INFO: [VRFC 10-3107] analyzing entity '\design_1_conv2D_0_0_conv2D_conv2D_gmem0_m_axi_fifo__parameterized3\'
INFO: [VRFC 10-3107] analyzing entity '\design_1_conv2D_0_0_conv2D_conv2D_gmem0_m_axi_fifo__parameterized7\'
INFO: [VRFC 10-3107] analyzing entity 'design_1_conv2D_0_0_conv2D_conv2D_gmem0_m_axi_reg_slice'
INFO: [VRFC 10-3107] analyzing entity '\design_1_conv2D_0_0_conv2D_conv2D_gmem0_m_axi_reg_slice__parameterized2\'
INFO: [VRFC 10-3107] analyzing entity '\design_1_conv2D_0_0_conv2D_conv2D_gmem1_m_axi_buffer__parameterized1\'
INFO: [VRFC 10-3107] analyzing entity '\design_1_conv2D_0_0_conv2D_conv2D_gmem1_m_axi_fifo__parameterized3\'
INFO: [VRFC 10-3107] analyzing entity '\design_1_conv2D_0_0_conv2D_conv2D_gmem1_m_axi_fifo__parameterized7\'
INFO: [VRFC 10-3107] analyzing entity 'design_1_conv2D_0_0_conv2D_conv2D_gmem1_m_axi_reg_slice'
INFO: [VRFC 10-3107] analyzing entity '\design_1_conv2D_0_0_conv2D_conv2D_gmem1_m_axi_reg_slice__parameterized2\'
INFO: [VRFC 10-3107] analyzing entity 'design_1_conv2D_0_0_conv2D_conv2D_gmem2_m_axi_buffer'
INFO: [VRFC 10-3107] analyzing entity '\design_1_conv2D_0_0_conv2D_conv2D_gmem2_m_axi_buffer__parameterized1\'
INFO: [VRFC 10-3107] analyzing entity 'design_1_conv2D_0_0_conv2D_conv2D_gmem2_m_axi_fifo'
INFO: [VRFC 10-3107] analyzing entity '\design_1_conv2D_0_0_conv2D_conv2D_gmem2_m_axi_fifo__parameterized1\'
INFO: [VRFC 10-3107] analyzing entity '\design_1_conv2D_0_0_conv2D_conv2D_gmem2_m_axi_fifo__parameterized3\'
INFO: [VRFC 10-3107] analyzing entity '\design_1_conv2D_0_0_conv2D_conv2D_gmem2_m_axi_fifo__parameterized5\'
INFO: [VRFC 10-3107] analyzing entity '\design_1_conv2D_0_0_conv2D_conv2D_gmem2_m_axi_fifo__parameterized7\'
INFO: [VRFC 10-3107] analyzing entity '\design_1_conv2D_0_0_conv2D_conv2D_gmem2_m_axi_fifo__parameterized9\'
INFO: [VRFC 10-3107] analyzing entity 'design_1_conv2D_0_0_conv2D_conv2D_gmem2_m_axi_reg_slice'
INFO: [VRFC 10-3107] analyzing entity '\design_1_conv2D_0_0_conv2D_conv2D_gmem2_m_axi_reg_slice__parameterized2\'
INFO: [VRFC 10-3107] analyzing entity 'design_1_conv2D_0_0_conv2D_conv2D_mul_32s_32s_32_4_1_Mul4S_0'
INFO: [VRFC 10-3107] analyzing entity 'design_1_conv2D_0_0_conv2D_conv2D_mul_32s_32s_32_4_1_Mul4S_0_100'
INFO: [VRFC 10-3107] analyzing entity 'design_1_conv2D_0_0_conv2D_conv2D_mul_32s_32s_32_4_1_Mul4S_0_101'
INFO: [VRFC 10-3107] analyzing entity 'design_1_conv2D_0_0_conv2D_conv2D_mul_32s_32s_32_4_1_Mul4S_0_102'
INFO: [VRFC 10-3107] analyzing entity 'design_1_conv2D_0_0_conv2D_conv2D_mul_32s_32s_32_4_1_Mul4S_0_103'
INFO: [VRFC 10-3107] analyzing entity 'design_1_conv2D_0_0_conv2D_conv2D_mul_32s_32s_32_4_1_Mul4S_0_104'
INFO: [VRFC 10-3107] analyzing entity 'design_1_conv2D_0_0_conv2D_conv2D_mul_32s_32s_32_4_1_Mul4S_0_105'
INFO: [VRFC 10-3107] analyzing entity 'design_1_conv2D_0_0_conv2D_conv2D_mul_32s_32s_32_4_1_Mul4S_0_106'
INFO: [VRFC 10-3107] analyzing entity 'design_1_conv2D_0_0_conv2D_conv2D_mul_32s_32s_32_4_1_Mul4S_0_107'
INFO: [VRFC 10-3107] analyzing entity 'design_1_conv2D_0_0_conv2D_conv2D_mul_32s_32s_32_4_1_Mul4S_0_108'
INFO: [VRFC 10-3107] analyzing entity 'design_1_conv2D_0_0_conv2D_conv2D_mul_32s_32s_32_4_1_Mul4S_0_109'
INFO: [VRFC 10-3107] analyzing entity 'design_1_conv2D_0_0_conv2D_conv2D_mul_32s_32s_32_4_1_Mul4S_0_110'
INFO: [VRFC 10-3107] analyzing entity 'design_1_conv2D_0_0_conv2D_conv2D_mul_32s_32s_32_4_1_Mul4S_0_111'
INFO: [VRFC 10-3107] analyzing entity 'design_1_conv2D_0_0_conv2D_conv2D_mul_32s_32s_32_4_1_Mul4S_0_112'
INFO: [VRFC 10-3107] analyzing entity 'design_1_conv2D_0_0_conv2D_conv2D_mul_32s_32s_32_4_1_Mul4S_0_113'
INFO: [VRFC 10-3107] analyzing entity 'design_1_conv2D_0_0_conv2D_conv2D_mul_32s_32s_32_4_1_Mul4S_0_114'
INFO: [VRFC 10-3107] analyzing entity 'design_1_conv2D_0_0_conv2D_conv2D_mul_32s_32s_32_4_1_Mul4S_0_115'
INFO: [VRFC 10-3107] analyzing entity 'design_1_conv2D_0_0_conv2D_conv2D_mul_32s_32s_32_4_1_Mul4S_0_116'
INFO: [VRFC 10-3107] analyzing entity 'design_1_conv2D_0_0_conv2D_conv2D_mul_32s_32s_32_4_1_Mul4S_0_117'
INFO: [VRFC 10-3107] analyzing entity 'design_1_conv2D_0_0_conv2D_conv2D_mul_32s_32s_32_4_1_Mul4S_0_118'
INFO: [VRFC 10-3107] analyzing entity 'design_1_conv2D_0_0_conv2D_conv2D_mul_32s_32s_32_4_1_Mul4S_0_119'
INFO: [VRFC 10-3107] analyzing entity 'design_1_conv2D_0_0_conv2D_conv2D_mul_32s_32s_32_4_1_Mul4S_0_120'
INFO: [VRFC 10-3107] analyzing entity 'design_1_conv2D_0_0_conv2D_conv2D_mul_32s_32s_32_4_1_Mul4S_0_121'
INFO: [VRFC 10-3107] analyzing entity 'design_1_conv2D_0_0_conv2D_conv2D_mul_32s_32s_32_4_1_Mul4S_0_122'
INFO: [VRFC 10-3107] analyzing entity 'design_1_conv2D_0_0_conv2D_conv2D_mul_32s_32s_32_4_1_Mul4S_0_123'
INFO: [VRFC 10-3107] analyzing entity 'design_1_conv2D_0_0_conv2D_conv2D_mul_32s_32s_32_4_1_Mul4S_0_124'
INFO: [VRFC 10-3107] analyzing entity 'design_1_conv2D_0_0_conv2D_conv2D_mul_32s_32s_32_4_1_Mul4S_0_125'
INFO: [VRFC 10-3107] analyzing entity 'design_1_conv2D_0_0_conv2D_conv2D_mul_32s_32s_32_4_1_Mul4S_0_126'
INFO: [VRFC 10-3107] analyzing entity 'design_1_conv2D_0_0_conv2D_conv2D_mul_32s_32s_32_4_1_Mul4S_0_127'
INFO: [VRFC 10-3107] analyzing entity 'design_1_conv2D_0_0_conv2D_conv2D_mul_32s_32s_32_4_1_Mul4S_0_128'
INFO: [VRFC 10-3107] analyzing entity 'design_1_conv2D_0_0_conv2D_conv2D_mul_32s_32s_32_4_1_Mul4S_0_129'
INFO: [VRFC 10-3107] analyzing entity 'design_1_conv2D_0_0_conv2D_conv2D_mul_32s_32s_32_4_1_Mul4S_0_130'
INFO: [VRFC 10-3107] analyzing entity 'design_1_conv2D_0_0_conv2D_conv2D_mul_32s_32s_32_4_1_Mul4S_0_131'
INFO: [VRFC 10-3107] analyzing entity 'design_1_conv2D_0_0_conv2D_conv2D_mul_32s_32s_32_4_1_Mul4S_0_132'
INFO: [VRFC 10-3107] analyzing entity 'design_1_conv2D_0_0_conv2D_conv2D_mul_32s_32s_32_4_1_Mul4S_0_133'
INFO: [VRFC 10-3107] analyzing entity 'design_1_conv2D_0_0_conv2D_conv2D_mul_32s_32s_32_4_1_Mul4S_0_134'
INFO: [VRFC 10-3107] analyzing entity 'design_1_conv2D_0_0_conv2D_conv2D_mul_32s_32s_32_4_1_Mul4S_0_135'
INFO: [VRFC 10-3107] analyzing entity 'design_1_conv2D_0_0_conv2D_conv2D_mul_32s_32s_32_4_1_Mul4S_0_136'
INFO: [VRFC 10-3107] analyzing entity 'design_1_conv2D_0_0_conv2D_conv2D_mul_32s_32s_32_4_1_Mul4S_0_137'
INFO: [VRFC 10-3107] analyzing entity 'design_1_conv2D_0_0_conv2D_conv2D_mul_32s_32s_32_4_1_Mul4S_0_138'
INFO: [VRFC 10-3107] analyzing entity 'design_1_conv2D_0_0_conv2D_conv2D_mul_32s_32s_32_4_1_Mul4S_0_139'
INFO: [VRFC 10-3107] analyzing entity 'design_1_conv2D_0_0_conv2D_conv2D_mul_32s_32s_32_4_1_Mul4S_0_140'
INFO: [VRFC 10-3107] analyzing entity 'design_1_conv2D_0_0_conv2D_conv2D_mul_32s_32s_32_4_1_Mul4S_0_141'
INFO: [VRFC 10-3107] analyzing entity 'design_1_conv2D_0_0_conv2D_conv2D_mul_32s_32s_32_4_1_Mul4S_0_142'
INFO: [VRFC 10-3107] analyzing entity 'design_1_conv2D_0_0_conv2D_conv2D_mul_32s_32s_32_4_1_Mul4S_0_143'
INFO: [VRFC 10-3107] analyzing entity 'design_1_conv2D_0_0_conv2D_conv2D_mul_32s_32s_32_4_1_Mul4S_0_144'
INFO: [VRFC 10-3107] analyzing entity 'design_1_conv2D_0_0_conv2D_conv2D_mul_32s_32s_32_4_1_Mul4S_0_145'
INFO: [VRFC 10-3107] analyzing entity 'design_1_conv2D_0_0_conv2D_conv2D_mul_32s_32s_32_4_1_Mul4S_0_146'
INFO: [VRFC 10-3107] analyzing entity 'design_1_conv2D_0_0_conv2D_conv2D_mul_32s_32s_32_4_1_Mul4S_0_147'
INFO: [VRFC 10-3107] analyzing entity 'design_1_conv2D_0_0_conv2D_conv2D_mul_32s_32s_32_4_1_Mul4S_0_148'
INFO: [VRFC 10-3107] analyzing entity 'design_1_conv2D_0_0_conv2D_conv2D_mul_32s_32s_32_4_1_Mul4S_0_149'
INFO: [VRFC 10-3107] analyzing entity 'design_1_conv2D_0_0_conv2D_conv2D_mul_32s_32s_32_4_1_Mul4S_0_150'
INFO: [VRFC 10-3107] analyzing entity 'design_1_conv2D_0_0_conv2D_conv2D_mul_32s_32s_32_4_1_Mul4S_0_151'
INFO: [VRFC 10-3107] analyzing entity 'design_1_conv2D_0_0_conv2D_conv2D_mul_32s_32s_32_4_1_Mul4S_0_152'
INFO: [VRFC 10-3107] analyzing entity 'design_1_conv2D_0_0_conv2D_conv2D_mul_32s_32s_32_4_1_Mul4S_0_153'
INFO: [VRFC 10-3107] analyzing entity 'design_1_conv2D_0_0_conv2D_conv2D_mul_32s_32s_32_4_1_Mul4S_0_154'
INFO: [VRFC 10-3107] analyzing entity 'design_1_conv2D_0_0_conv2D_conv2D_mul_32s_32s_32_4_1_Mul4S_0_155'
INFO: [VRFC 10-3107] analyzing entity 'design_1_conv2D_0_0_conv2D_conv2D_mul_32s_32s_32_4_1_Mul4S_0_156'
INFO: [VRFC 10-3107] analyzing entity 'design_1_conv2D_0_0_conv2D_conv2D_mul_32s_32s_32_4_1_Mul4S_0_157'
INFO: [VRFC 10-3107] analyzing entity 'design_1_conv2D_0_0_conv2D_conv2D_mul_32s_32s_32_4_1_Mul4S_0_158'
INFO: [VRFC 10-3107] analyzing entity 'design_1_conv2D_0_0_conv2D_conv2D_mul_32s_32s_32_4_1_Mul4S_0_159'
INFO: [VRFC 10-3107] analyzing entity 'design_1_conv2D_0_0_conv2D_conv2D_mul_32s_32s_32_4_1_Mul4S_0_80'
INFO: [VRFC 10-3107] analyzing entity 'design_1_conv2D_0_0_conv2D_conv2D_mul_32s_32s_32_4_1_Mul4S_0_81'
INFO: [VRFC 10-3107] analyzing entity 'design_1_conv2D_0_0_conv2D_conv2D_mul_32s_32s_32_4_1_Mul4S_0_82'
INFO: [VRFC 10-3107] analyzing entity 'design_1_conv2D_0_0_conv2D_conv2D_mul_32s_32s_32_4_1_Mul4S_0_83'
INFO: [VRFC 10-3107] analyzing entity 'design_1_conv2D_0_0_conv2D_conv2D_mul_32s_32s_32_4_1_Mul4S_0_84'
INFO: [VRFC 10-3107] analyzing entity 'design_1_conv2D_0_0_conv2D_conv2D_mul_32s_32s_32_4_1_Mul4S_0_85'
INFO: [VRFC 10-3107] analyzing entity 'design_1_conv2D_0_0_conv2D_conv2D_mul_32s_32s_32_4_1_Mul4S_0_86'
INFO: [VRFC 10-3107] analyzing entity 'design_1_conv2D_0_0_conv2D_conv2D_mul_32s_32s_32_4_1_Mul4S_0_87'
INFO: [VRFC 10-3107] analyzing entity 'design_1_conv2D_0_0_conv2D_conv2D_mul_32s_32s_32_4_1_Mul4S_0_88'
INFO: [VRFC 10-3107] analyzing entity 'design_1_conv2D_0_0_conv2D_conv2D_mul_32s_32s_32_4_1_Mul4S_0_89'
INFO: [VRFC 10-3107] analyzing entity 'design_1_conv2D_0_0_conv2D_conv2D_mul_32s_32s_32_4_1_Mul4S_0_90'
INFO: [VRFC 10-3107] analyzing entity 'design_1_conv2D_0_0_conv2D_conv2D_mul_32s_32s_32_4_1_Mul4S_0_91'
INFO: [VRFC 10-3107] analyzing entity 'design_1_conv2D_0_0_conv2D_conv2D_mul_32s_32s_32_4_1_Mul4S_0_92'
INFO: [VRFC 10-3107] analyzing entity 'design_1_conv2D_0_0_conv2D_conv2D_mul_32s_32s_32_4_1_Mul4S_0_93'
INFO: [VRFC 10-3107] analyzing entity 'design_1_conv2D_0_0_conv2D_conv2D_mul_32s_32s_32_4_1_Mul4S_0_94'
INFO: [VRFC 10-3107] analyzing entity 'design_1_conv2D_0_0_conv2D_conv2D_mul_32s_32s_32_4_1_Mul4S_0_95'
INFO: [VRFC 10-3107] analyzing entity 'design_1_conv2D_0_0_conv2D_conv2D_mul_32s_32s_32_4_1_Mul4S_0_96'
INFO: [VRFC 10-3107] analyzing entity 'design_1_conv2D_0_0_conv2D_conv2D_mul_32s_32s_32_4_1_Mul4S_0_97'
INFO: [VRFC 10-3107] analyzing entity 'design_1_conv2D_0_0_conv2D_conv2D_mul_32s_32s_32_4_1_Mul4S_0_98'
INFO: [VRFC 10-3107] analyzing entity 'design_1_conv2D_0_0_conv2D_conv2D_mul_32s_32s_32_4_1_Mul4S_0_99'
INFO: [VRFC 10-3107] analyzing entity 'design_1_processing_system7_0_0_processing_system7_v5_5_processing_system7'
INFO: [VRFC 10-3107] analyzing entity 'design_1_rst_ps7_0_100M_0_cdc_sync'
INFO: [VRFC 10-3107] analyzing entity 'design_1_rst_ps7_0_100M_0_cdc_sync_0'
INFO: [VRFC 10-3107] analyzing entity 'design_1_rst_ps7_0_100M_0_upcnt_n'
INFO: [VRFC 10-3107] analyzing entity 'design_1_xbar_0_axi_crossbar_v2_1_19_addr_arbiter_sasd'
INFO: [VRFC 10-3107] analyzing entity 'design_1_xbar_0_axi_crossbar_v2_1_19_decerr_slave'
INFO: [VRFC 10-3107] analyzing entity 'design_1_xbar_0_axi_crossbar_v2_1_19_splitter'
INFO: [VRFC 10-3107] analyzing entity '\design_1_xbar_0_axi_crossbar_v2_1_19_splitter__parameterized0\'
INFO: [VRFC 10-3107] analyzing entity 'design_1_xbar_0_axi_register_slice_v2_1_18_axic_register_slice'
INFO: [VRFC 10-3107] analyzing entity 'design_1_auto_pc_0_axi_protocol_converter_v2_1_18_b2s_b_channel'
INFO: [VRFC 10-3107] analyzing entity 'design_1_auto_pc_0_axi_protocol_converter_v2_1_18_b2s_cmd_translator'
INFO: [VRFC 10-3107] analyzing entity 'design_1_auto_pc_0_axi_protocol_converter_v2_1_18_b2s_cmd_translator_1'
INFO: [VRFC 10-3107] analyzing entity 'design_1_auto_pc_0_axi_protocol_converter_v2_1_18_b2s_r_channel'
INFO: [VRFC 10-3107] analyzing entity 'design_1_auto_pc_0_axi_register_slice_v2_1_18_axi_register_slice'
INFO: [VRFC 10-3107] analyzing entity 'design_1_axi_gpio_0_0_GPIO_Core'
INFO: [VRFC 10-3107] analyzing entity 'design_1_axi_gpio_0_0_slave_attachment'
INFO: [VRFC 10-3107] analyzing entity 'design_1_conv2D_0_0_conv2D_conv2D_gmem0_m_axi_read'
INFO: [VRFC 10-3107] analyzing entity 'design_1_conv2D_0_0_conv2D_conv2D_gmem1_m_axi_read'
INFO: [VRFC 10-3107] analyzing entity 'design_1_conv2D_0_0_conv2D_conv2D_gmem2_m_axi_read'
INFO: [VRFC 10-3107] analyzing entity 'design_1_conv2D_0_0_conv2D_conv2D_gmem2_m_axi_throttl'
INFO: [VRFC 10-3107] analyzing entity 'design_1_conv2D_0_0_conv2D_conv2D_gmem2_m_axi_write'
INFO: [VRFC 10-3107] analyzing entity 'design_1_conv2D_0_0_conv2D_conv2D_mul_32s_32s_32_4_1'
INFO: [VRFC 10-3107] analyzing entity 'design_1_conv2D_0_0_conv2D_conv2D_mul_32s_32s_32_4_1_0'
INFO: [VRFC 10-3107] analyzing entity 'design_1_conv2D_0_0_conv2D_conv2D_mul_32s_32s_32_4_1_1'
INFO: [VRFC 10-3107] analyzing entity 'design_1_conv2D_0_0_conv2D_conv2D_mul_32s_32s_32_4_1_10'
INFO: [VRFC 10-3107] analyzing entity 'design_1_conv2D_0_0_conv2D_conv2D_mul_32s_32s_32_4_1_11'
INFO: [VRFC 10-3107] analyzing entity 'design_1_conv2D_0_0_conv2D_conv2D_mul_32s_32s_32_4_1_12'
INFO: [VRFC 10-3107] analyzing entity 'design_1_conv2D_0_0_conv2D_conv2D_mul_32s_32s_32_4_1_13'
INFO: [VRFC 10-3107] analyzing entity 'design_1_conv2D_0_0_conv2D_conv2D_mul_32s_32s_32_4_1_14'
INFO: [VRFC 10-3107] analyzing entity 'design_1_conv2D_0_0_conv2D_conv2D_mul_32s_32s_32_4_1_15'
INFO: [VRFC 10-3107] analyzing entity 'design_1_conv2D_0_0_conv2D_conv2D_mul_32s_32s_32_4_1_16'
INFO: [VRFC 10-3107] analyzing entity 'design_1_conv2D_0_0_conv2D_conv2D_mul_32s_32s_32_4_1_17'
INFO: [VRFC 10-3107] analyzing entity 'design_1_conv2D_0_0_conv2D_conv2D_mul_32s_32s_32_4_1_18'
INFO: [VRFC 10-3107] analyzing entity 'design_1_conv2D_0_0_conv2D_conv2D_mul_32s_32s_32_4_1_19'
INFO: [VRFC 10-3107] analyzing entity 'design_1_conv2D_0_0_conv2D_conv2D_mul_32s_32s_32_4_1_2'
INFO: [VRFC 10-3107] analyzing entity 'design_1_conv2D_0_0_conv2D_conv2D_mul_32s_32s_32_4_1_20'
INFO: [VRFC 10-3107] analyzing entity 'design_1_conv2D_0_0_conv2D_conv2D_mul_32s_32s_32_4_1_21'
INFO: [VRFC 10-3107] analyzing entity 'design_1_conv2D_0_0_conv2D_conv2D_mul_32s_32s_32_4_1_22'
INFO: [VRFC 10-3107] analyzing entity 'design_1_conv2D_0_0_conv2D_conv2D_mul_32s_32s_32_4_1_23'
INFO: [VRFC 10-3107] analyzing entity 'design_1_conv2D_0_0_conv2D_conv2D_mul_32s_32s_32_4_1_24'
INFO: [VRFC 10-3107] analyzing entity 'design_1_conv2D_0_0_conv2D_conv2D_mul_32s_32s_32_4_1_25'
INFO: [VRFC 10-3107] analyzing entity 'design_1_conv2D_0_0_conv2D_conv2D_mul_32s_32s_32_4_1_26'
INFO: [VRFC 10-3107] analyzing entity 'design_1_conv2D_0_0_conv2D_conv2D_mul_32s_32s_32_4_1_27'
INFO: [VRFC 10-3107] analyzing entity 'design_1_conv2D_0_0_conv2D_conv2D_mul_32s_32s_32_4_1_28'
INFO: [VRFC 10-3107] analyzing entity 'design_1_conv2D_0_0_conv2D_conv2D_mul_32s_32s_32_4_1_29'
INFO: [VRFC 10-3107] analyzing entity 'design_1_conv2D_0_0_conv2D_conv2D_mul_32s_32s_32_4_1_3'
INFO: [VRFC 10-3107] analyzing entity 'design_1_conv2D_0_0_conv2D_conv2D_mul_32s_32s_32_4_1_30'
INFO: [VRFC 10-3107] analyzing entity 'design_1_conv2D_0_0_conv2D_conv2D_mul_32s_32s_32_4_1_31'
INFO: [VRFC 10-3107] analyzing entity 'design_1_conv2D_0_0_conv2D_conv2D_mul_32s_32s_32_4_1_32'
INFO: [VRFC 10-3107] analyzing entity 'design_1_conv2D_0_0_conv2D_conv2D_mul_32s_32s_32_4_1_33'
INFO: [VRFC 10-3107] analyzing entity 'design_1_conv2D_0_0_conv2D_conv2D_mul_32s_32s_32_4_1_34'
INFO: [VRFC 10-3107] analyzing entity 'design_1_conv2D_0_0_conv2D_conv2D_mul_32s_32s_32_4_1_35'
INFO: [VRFC 10-3107] analyzing entity 'design_1_conv2D_0_0_conv2D_conv2D_mul_32s_32s_32_4_1_36'
INFO: [VRFC 10-3107] analyzing entity 'design_1_conv2D_0_0_conv2D_conv2D_mul_32s_32s_32_4_1_37'
INFO: [VRFC 10-3107] analyzing entity 'design_1_conv2D_0_0_conv2D_conv2D_mul_32s_32s_32_4_1_38'
INFO: [VRFC 10-3107] analyzing entity 'design_1_conv2D_0_0_conv2D_conv2D_mul_32s_32s_32_4_1_39'
INFO: [VRFC 10-3107] analyzing entity 'design_1_conv2D_0_0_conv2D_conv2D_mul_32s_32s_32_4_1_4'
INFO: [VRFC 10-3107] analyzing entity 'design_1_conv2D_0_0_conv2D_conv2D_mul_32s_32s_32_4_1_40'
INFO: [VRFC 10-3107] analyzing entity 'design_1_conv2D_0_0_conv2D_conv2D_mul_32s_32s_32_4_1_41'
INFO: [VRFC 10-3107] analyzing entity 'design_1_conv2D_0_0_conv2D_conv2D_mul_32s_32s_32_4_1_42'
INFO: [VRFC 10-3107] analyzing entity 'design_1_conv2D_0_0_conv2D_conv2D_mul_32s_32s_32_4_1_43'
INFO: [VRFC 10-3107] analyzing entity 'design_1_conv2D_0_0_conv2D_conv2D_mul_32s_32s_32_4_1_44'
INFO: [VRFC 10-3107] analyzing entity 'design_1_conv2D_0_0_conv2D_conv2D_mul_32s_32s_32_4_1_45'
INFO: [VRFC 10-3107] analyzing entity 'design_1_conv2D_0_0_conv2D_conv2D_mul_32s_32s_32_4_1_46'
INFO: [VRFC 10-3107] analyzing entity 'design_1_conv2D_0_0_conv2D_conv2D_mul_32s_32s_32_4_1_47'
INFO: [VRFC 10-3107] analyzing entity 'design_1_conv2D_0_0_conv2D_conv2D_mul_32s_32s_32_4_1_48'
INFO: [VRFC 10-3107] analyzing entity 'design_1_conv2D_0_0_conv2D_conv2D_mul_32s_32s_32_4_1_49'
INFO: [VRFC 10-3107] analyzing entity 'design_1_conv2D_0_0_conv2D_conv2D_mul_32s_32s_32_4_1_5'
INFO: [VRFC 10-3107] analyzing entity 'design_1_conv2D_0_0_conv2D_conv2D_mul_32s_32s_32_4_1_50'
INFO: [VRFC 10-3107] analyzing entity 'design_1_conv2D_0_0_conv2D_conv2D_mul_32s_32s_32_4_1_51'
INFO: [VRFC 10-3107] analyzing entity 'design_1_conv2D_0_0_conv2D_conv2D_mul_32s_32s_32_4_1_52'
INFO: [VRFC 10-3107] analyzing entity 'design_1_conv2D_0_0_conv2D_conv2D_mul_32s_32s_32_4_1_53'
INFO: [VRFC 10-3107] analyzing entity 'design_1_conv2D_0_0_conv2D_conv2D_mul_32s_32s_32_4_1_54'
INFO: [VRFC 10-3107] analyzing entity 'design_1_conv2D_0_0_conv2D_conv2D_mul_32s_32s_32_4_1_55'
INFO: [VRFC 10-3107] analyzing entity 'design_1_conv2D_0_0_conv2D_conv2D_mul_32s_32s_32_4_1_56'
INFO: [VRFC 10-3107] analyzing entity 'design_1_conv2D_0_0_conv2D_conv2D_mul_32s_32s_32_4_1_57'
INFO: [VRFC 10-3107] analyzing entity 'design_1_conv2D_0_0_conv2D_conv2D_mul_32s_32s_32_4_1_58'
INFO: [VRFC 10-3107] analyzing entity 'design_1_conv2D_0_0_conv2D_conv2D_mul_32s_32s_32_4_1_59'
INFO: [VRFC 10-3107] analyzing entity 'design_1_conv2D_0_0_conv2D_conv2D_mul_32s_32s_32_4_1_6'
INFO: [VRFC 10-3107] analyzing entity 'design_1_conv2D_0_0_conv2D_conv2D_mul_32s_32s_32_4_1_60'
INFO: [VRFC 10-3107] analyzing entity 'design_1_conv2D_0_0_conv2D_conv2D_mul_32s_32s_32_4_1_61'
INFO: [VRFC 10-3107] analyzing entity 'design_1_conv2D_0_0_conv2D_conv2D_mul_32s_32s_32_4_1_62'
INFO: [VRFC 10-3107] analyzing entity 'design_1_conv2D_0_0_conv2D_conv2D_mul_32s_32s_32_4_1_63'
INFO: [VRFC 10-3107] analyzing entity 'design_1_conv2D_0_0_conv2D_conv2D_mul_32s_32s_32_4_1_64'
INFO: [VRFC 10-3107] analyzing entity 'design_1_conv2D_0_0_conv2D_conv2D_mul_32s_32s_32_4_1_65'
INFO: [VRFC 10-3107] analyzing entity 'design_1_conv2D_0_0_conv2D_conv2D_mul_32s_32s_32_4_1_66'
INFO: [VRFC 10-3107] analyzing entity 'design_1_conv2D_0_0_conv2D_conv2D_mul_32s_32s_32_4_1_67'
INFO: [VRFC 10-3107] analyzing entity 'design_1_conv2D_0_0_conv2D_conv2D_mul_32s_32s_32_4_1_68'
INFO: [VRFC 10-3107] analyzing entity 'design_1_conv2D_0_0_conv2D_conv2D_mul_32s_32s_32_4_1_69'
INFO: [VRFC 10-3107] analyzing entity 'design_1_conv2D_0_0_conv2D_conv2D_mul_32s_32s_32_4_1_7'
INFO: [VRFC 10-3107] analyzing entity 'design_1_conv2D_0_0_conv2D_conv2D_mul_32s_32s_32_4_1_70'
INFO: [VRFC 10-3107] analyzing entity 'design_1_conv2D_0_0_conv2D_conv2D_mul_32s_32s_32_4_1_71'
INFO: [VRFC 10-3107] analyzing entity 'design_1_conv2D_0_0_conv2D_conv2D_mul_32s_32s_32_4_1_72'
INFO: [VRFC 10-3107] analyzing entity 'design_1_conv2D_0_0_conv2D_conv2D_mul_32s_32s_32_4_1_73'
INFO: [VRFC 10-3107] analyzing entity 'design_1_conv2D_0_0_conv2D_conv2D_mul_32s_32s_32_4_1_74'
INFO: [VRFC 10-3107] analyzing entity 'design_1_conv2D_0_0_conv2D_conv2D_mul_32s_32s_32_4_1_75'
INFO: [VRFC 10-3107] analyzing entity 'design_1_conv2D_0_0_conv2D_conv2D_mul_32s_32s_32_4_1_76'
INFO: [VRFC 10-3107] analyzing entity 'design_1_conv2D_0_0_conv2D_conv2D_mul_32s_32s_32_4_1_77'
INFO: [VRFC 10-3107] analyzing entity 'design_1_conv2D_0_0_conv2D_conv2D_mul_32s_32s_32_4_1_78'
INFO: [VRFC 10-3107] analyzing entity 'design_1_conv2D_0_0_conv2D_conv2D_mul_32s_32s_32_4_1_79'
INFO: [VRFC 10-3107] analyzing entity 'design_1_conv2D_0_0_conv2D_conv2D_mul_32s_32s_32_4_1_8'
INFO: [VRFC 10-3107] analyzing entity 'design_1_conv2D_0_0_conv2D_conv2D_mul_32s_32s_32_4_1_9'
INFO: [VRFC 10-3107] analyzing entity 'design_1_processing_system7_0_0'
INFO: [VRFC 10-3107] analyzing entity 'design_1_rst_ps7_0_100M_0_lpf'
INFO: [VRFC 10-3107] analyzing entity 'design_1_rst_ps7_0_100M_0_sequence_psr'
INFO: [VRFC 10-3107] analyzing entity 'design_1_xbar_0_axi_crossbar_v2_1_19_crossbar_sasd'
INFO: [VRFC 10-3107] analyzing entity 'design_1_auto_pc_0_axi_protocol_converter_v2_1_18_b2s_ar_channel'
INFO: [VRFC 10-3107] analyzing entity 'design_1_auto_pc_0_axi_protocol_converter_v2_1_18_b2s_aw_channel'
INFO: [VRFC 10-3107] analyzing entity 'design_1_axi_gpio_0_0_axi_lite_ipif'
INFO: [VRFC 10-3107] analyzing entity 'design_1_conv2D_0_0_conv2D_conv2D_gmem0_m_axi'
INFO: [VRFC 10-3107] analyzing entity 'design_1_conv2D_0_0_conv2D_conv2D_gmem1_m_axi'
INFO: [VRFC 10-3107] analyzing entity 'design_1_conv2D_0_0_conv2D_conv2D_gmem2_m_axi'
INFO: [VRFC 10-3107] analyzing entity 'design_1_rst_ps7_0_100M_0_proc_sys_reset'
INFO: [VRFC 10-3107] analyzing entity 'design_1_xbar_0_axi_crossbar_v2_1_19_axi_crossbar'
INFO: [VRFC 10-3107] analyzing entity 'design_1_auto_pc_0_axi_protocol_converter_v2_1_18_b2s'
INFO: [VRFC 10-3107] analyzing entity 'design_1_axi_gpio_0_0_axi_gpio'
INFO: [VRFC 10-3107] analyzing entity 'design_1_conv2D_0_0_conv2D_conv2D'
INFO: [VRFC 10-3107] analyzing entity 'design_1_rst_ps7_0_100M_0'
INFO: [VRFC 10-3107] analyzing entity 'design_1_xbar_0'
INFO: [VRFC 10-3107] analyzing entity 'design_1_auto_pc_0_axi_protocol_converter_v2_1_18_axi_protocol_converter'
INFO: [VRFC 10-3107] analyzing entity 'design_1_axi_gpio_0_0'
INFO: [VRFC 10-3107] analyzing entity 'design_1_conv2D_0_0'
INFO: [VRFC 10-3107] analyzing entity 'design_1_auto_pc_0'
INFO: [VRFC 10-3107] analyzing entity 's00_couplers_imp_UYSKKA'
INFO: [VRFC 10-3107] analyzing entity 'design_1_ps7_0_axi_periph_0'
INFO: [VRFC 10-3107] analyzing entity 'design_1'
INFO: [VRFC 10-3107] analyzing entity 'design_1_wrapper'
