INFO-FLOW: Workspace C:/Users/Admin/Downloads/btl/final/solution2 opened at Wed Dec 18 11:28:05 +0700 2024
Execute     config_clock -quiet -name default -period 10 -default=false 
INFO: [SYN 201-201] Setting up clock 'default' with a period of 10ns.
Execute     config_clock -quiet -name default -uncertainty 2.7 -unit % 
INFO: [SYN 201-201] Setting up clock 'default' with an uncertainty of 2.7ns.
Execute     open_platform DefaultPlatform 
Execute     import_lib C:/Xilinx/Vivado/2018.3/common/technology/xilinx/zynq/zynq 
Execute       source C:/Xilinx/Vivado/2018.3/common/technology/xilinx/common/xilinx.lib 
Execute         source C:/Xilinx/Vivado/2018.3/common/technology/xilinx/interface/xilinx_interface.lib 
Execute           source C:/Xilinx/Vivado/2018.3/common/technology/xilinx/interface/plb46.lib 
Execute           source C:/Xilinx/Vivado/2018.3/common/technology/xilinx/interface/fsl.lib 
Execute           source C:/Xilinx/Vivado/2018.3/common/technology/xilinx/interface/axi4.lib 
Execute           source C:/Xilinx/Vivado/2018.3/common/technology/xilinx/interface/maxi.lib 
Execute           source C:/Xilinx/Vivado/2018.3/common/technology/xilinx/interface/saxilite.lib 
Execute         source C:/Xilinx/Vivado/2018.3/common/technology/xilinx/common/dsp48.lib 
Execute         source C:/Xilinx/Vivado/2018.3/common/technology/xilinx/ip/dds_compiler.lib 
Execute         source C:/Xilinx/Vivado/2018.3/common/technology/xilinx/ip/xfft.lib 
Execute         source C:/Xilinx/Vivado/2018.3/common/technology/xilinx/ip/xfir.lib 
Execute       source C:/Xilinx/Vivado/2018.3/common/technology/xilinx/common/xilinx_old.lib 
Execute       source C:/Xilinx/Vivado/2018.3/common/technology/xilinx/common/xilinx_vivado.lib 
Execute       source C:/Xilinx/Vivado/2018.3/common/technology/xilinx/common/xilinx.hlp 
Execute         source C:/Xilinx/Vivado/2018.3/common/technology/xilinx/common/target_info.tcl 
Execute         source C:/Xilinx/Vivado/2018.3/common/technology/xilinx/interface/xilinx_interface.hlp 
Execute           source C:/Xilinx/Vivado/2018.3/common/technology/xilinx/interface/maxi.hlp 
Execute           source C:/Xilinx/Vivado/2018.3/common/technology/xilinx/interface/saxilite.hlp 
Execute         source C:/Xilinx/Vivado/2018.3/common/technology/xilinx/common/dsp48.hlp 
Execute       source C:/Xilinx/Vivado/2018.3/common/technology/xilinx/zynq/dsp48e1.hlp 
Execute       get_default_platform 
Execute       config_chip_info -quiet -resource  {SLICE 13300}  {LUT 53200}     {FF 106400} {DSP48E 220}   {BRAM 280}  
Execute       config_chip_info -quiet -speed medium 
Execute       source C:/Xilinx/Vivado/2018.3/common/technology/xilinx/common/xilinx.hlp 
Execute         source C:/Xilinx/Vivado/2018.3/common/technology/xilinx/common/target_info.tcl 
Execute         source C:/Xilinx/Vivado/2018.3/common/technology/xilinx/interface/xilinx_interface.hlp 
Execute           source C:/Xilinx/Vivado/2018.3/common/technology/xilinx/interface/maxi.hlp 
Execute           source C:/Xilinx/Vivado/2018.3/common/technology/xilinx/interface/saxilite.hlp 
Execute         source C:/Xilinx/Vivado/2018.3/common/technology/xilinx/common/dsp48.hlp 
Execute     source C:/Xilinx/Vivado/2018.3/common/technology/xilinx/zynq/zynq.gen 
Execute       source C:/Xilinx/Vivado/2018.3/common/technology/xilinx/common/virtex.gen 
Execute         source C:/Xilinx/Vivado/2018.3/common/technology/xilinx/common/xilinx.gen 
Execute           source C:/Xilinx/Vivado/2018.3/common/technology/xilinx/interface/plb46.gen 
Execute           source C:/Xilinx/Vivado/2018.3/common/technology/xilinx/interface/fsl.gen 
Execute           source C:/Xilinx/Vivado/2018.3/common/technology/xilinx/interface/axi4.gen 
Execute           source C:/Xilinx/Vivado/2018.3/common/technology/xilinx/interface/nativeAXI4.gen 
Execute             source C:/Xilinx/Vivado/2018.3/common/technology/xilinx/interface/saxilite.gen 
Execute             source C:/Xilinx/Vivado/2018.3/common/technology/xilinx/interface/maxi.gen 
Execute           source C:/Xilinx/Vivado/2018.3/common/technology/xilinx/scripts/xilinxcoregen.gen 
Execute           source C:/Xilinx/Vivado/2018.3/common/technology/xilinx/interface/XilEDKCoreGen.gen 
Execute           source C:/Xilinx/Vivado/2018.3/common/technology/xilinx/ip/dds_compiler.gen 
Execute           source C:/Xilinx/Vivado/2018.3/common/technology/xilinx/ip/util.gen 
Execute           source C:/Xilinx/Vivado/2018.3/common/technology/xilinx/ip/xfft.gen 
Command           ap_source done; 0.105 sec.
Execute           source C:/Xilinx/Vivado/2018.3/common/technology/xilinx/ip/xfir.gen 
Command         ap_source done; 0.154 sec.
Execute         source C:/Xilinx/Vivado/2018.3/common/technology/xilinx/common/dsp48.gen 
Command       ap_source done; 0.156 sec.
Command     ap_source done; 0.157 sec.
Execute     open_platform DefaultPlatform 
Execute     import_lib C:/Xilinx/Vivado/2018.3/common/technology/xilinx/zynq/zynq_fpv6 
Execute       source C:/Xilinx/Vivado/2018.3/common/technology/xilinx/common/xilinx_fpv7.lib 
Execute         source C:/Xilinx/Vivado/2018.3/common/technology/xilinx/common/xilinx_hp.lib 
Execute       source C:/Xilinx/Vivado/2018.3/common/technology/xilinx/common/xilinx_fpv.hlp 
Execute         source C:/Xilinx/Vivado/2018.3/common/technology/xilinx/common/xilinx.hlp 
Execute           source C:/Xilinx/Vivado/2018.3/common/technology/xilinx/common/target_info.tcl 
Execute           source C:/Xilinx/Vivado/2018.3/common/technology/xilinx/interface/xilinx_interface.hlp 
Execute             source C:/Xilinx/Vivado/2018.3/common/technology/xilinx/interface/maxi.hlp 
Execute             source C:/Xilinx/Vivado/2018.3/common/technology/xilinx/interface/saxilite.hlp 
Execute           source C:/Xilinx/Vivado/2018.3/common/technology/xilinx/common/dsp48.hlp 
Execute       source C:/Xilinx/Vivado/2018.3/common/technology/xilinx/zynq/zynq_hp.hlp 
Execute     source C:/Xilinx/Vivado/2018.3/common/technology/xilinx/zynq/zynq_fpv6.gen 
Execute       source C:/Xilinx/Vivado/2018.3/common/technology/xilinx/common/xilinx_fpv6.gen 
Execute     set_part xc7z020clg484-1 
Execute       add_library xilinx/zynq/zynq:xc7z020:clg484:-1 
Execute         get_default_platform 
Execute         license_isbetapart xc7z020 
Command         license_isbetapart done; error code: 1; 
Execute         get_default_platform 
Execute         config_chip_info -quiet -resource  {SLICE 13300}  {LUT 53200}     {FF 106400} {DSP48E 220}   {BRAM 280}  
Execute         config_chip_info -quiet -speed slow 
Execute       add_library xilinx/zynq/zynq_fpv6 
Execute         get_default_platform 
INFO: [HLS 200-10] Setting target device to 'xc7z020clg484-1'
Execute       get_default_platform 
Execute     get_default_platform 
Execute     config_chip_info -quiet -resource  {SLICE 13300}  {LUT 53200}     {FF 106400} {DSP48E 220}   {BRAM 280}  
Execute     config_chip_info -quiet -speed slow 
Execute     config_sdx -optimization_level=0 
Execute       get_config_export -vivado_synth_design_args 
Execute       get_config_export -vivado_impl_strategy 
Execute       get_config_export -vivado_synth_strategy 
Execute       get_config_export -vivado_phys_opt 
Execute       get_config_bind -effort 
Execute       get_config_schedule -effort 
Execute     config_sdx -target=xocc 
Execute       send_msg_by_id INFO @200-435@%s%s 'config_sdx -target' config_sdx -optimization_level=0 
INFO: [HLS 200-435] Setting 'config_sdx -target' configuration: config_sdx -optimization_level=0
Execute       config_sdx -optimization_level=0 
Execute         get_config_export -vivado_synth_design_args 
Execute         get_config_export -vivado_impl_strategy 
Execute         get_config_export -vivado_synth_strategy 
Execute         get_config_export -vivado_phys_opt 
Execute         get_config_bind -effort 
Execute         get_config_schedule -effort 
Execute       get_config_compile -pipeline_loops 
Execute       get_config_compile -name_max_length 
Execute       get_config_schedule -relax_ii_for_timing 
Execute       get_config_schedule -enable_dsp_full_reg 
Execute       get_config_rtl -register_reset_num 
Execute       get_config_rtl -auto_prefix 
Execute       get_config_rtl -enable_maxiConservative 
Execute       get_config_interface -m_axi_addr64 
Execute       send_msg_by_id INFO @200-435@%s%s 'config_sdx -target' set_clock_uncertainty 27% 
INFO: [HLS 200-435] Setting 'config_sdx -target' configuration: set_clock_uncertainty 27%
Execute       set_clock_uncertainty 27% 
Execute     config_schedule -effort=medium 
Execute     config_schedule -enable_dsp_full_reg=1 
Execute     config_export -vivado_phys_opt=none 
Execute     config_compile -name_max_length=256 
INFO: [XFORM 203-1161] The maximum of name length is set into 256.
Execute     config_compile -pipeline_loops=64 
INFO: [XFORM 203-1171] Pipeline the innermost loop with trip count more than 64 or its parent loop when its trip count is less than or equal 64.
Execute     config_bind -effort=medium 
Execute     config_rtl -auto_prefix=1 
Execute     config_rtl -enable_maxiConservative=1 
Execute     config_rtl -register_reset_num=3 
Execute     config_interface -m_axi_addr64=1 
Command   open_solution done; 0.339 sec.
Execute   set_part xc7z020clg484-1 -tool vivado 
Execute     add_library xilinx/zynq/zynq:xc7z020:clg484:-1 
Execute       get_default_platform 
Execute       license_isbetapart xc7z020 
Command       license_isbetapart done; error code: 1; 
Execute       get_default_platform 
Execute       config_chip_info -quiet -resource  {SLICE 13300}  {LUT 53200}     {FF 106400} {DSP48E 220}   {BRAM 280}  
Execute       config_chip_info -quiet -speed slow 
Execute     add_library xilinx/zynq/zynq_fpv6 
Execute       get_default_platform 
Execute     get_default_platform 
Execute   create_clock -period 10 -name default 
Execute   config_sdx -optimization_level 0 -target xocc 
Execute     get_config_export -vivado_synth_design_args 
Execute     get_config_export -vivado_impl_strategy 
Execute     get_config_export -vivado_synth_strategy 
Execute     get_config_export -vivado_phys_opt 
Execute     get_config_bind -effort 
Execute     get_config_schedule -effort 
Execute     get_config_compile -pipeline_loops 
Execute     get_config_compile -name_max_length 
Execute     get_config_schedule -relax_ii_for_timing 
Execute     get_config_schedule -enable_dsp_full_reg 
Execute     get_config_rtl -register_reset_num 
Execute     get_config_rtl -auto_prefix 
Execute     get_config_rtl -enable_maxiConservative 
Execute     get_config_interface -m_axi_addr64 
Execute     send_msg_by_id INFO @200-435@%s%s 'config_sdx -target' set_clock_uncertainty 27% 
INFO: [HLS 200-435] Setting 'config_sdx -target' configuration: set_clock_uncertainty 27%
Execute     set_clock_uncertainty 27% 
Execute   config_schedule -effort medium -enable_dsp_full_reg 
Execute   config_export -vivado_phys_opt none 
Execute   config_compile -name_max_length 256 -pipeline_loops 64 
INFO: [XFORM 203-1171] Pipeline the innermost loop with trip count more than 64 or its parent loop when its trip count is less than or equal 64.
INFO: [XFORM 203-1161] The maximum of name length is set into 256.
Execute   config_bind -effort medium 
Execute   config_rtl -auto_prefix -register_reset_num 3 
Execute   config_interface -m_axi_addr64 
Execute   set_clock_uncertainty 27% 
Execute   source ./final/solution2/directives.tcl 
Execute     set_directive_pipeline conv2D/conv2D_label1 
INFO-FLOW: Setting directive 'PIPELINE' 
Execute     set_directive_pipeline conv2D/conv2D_label2 
INFO-FLOW: Setting directive 'PIPELINE' 
INFO-FLOW: Setting directive 'PIPELINE' 
Execute     set_directive_pipeline conv2D/conv2D_label3 
INFO-FLOW: Setting directive 'PIPELINE' 
INFO-FLOW: Setting directive 'PIPELINE' 
INFO-FLOW: Setting directive 'PIPELINE' 
Execute     set_directive_pipeline conv2D/conv2D_label4 
INFO-FLOW: Setting directive 'PIPELINE' 
INFO-FLOW: Setting directive 'PIPELINE' 
INFO-FLOW: Setting directive 'PIPELINE' 
INFO-FLOW: Setting directive 'PIPELINE' 
Execute     set_directive_pipeline conv2D/conv2D_label1 
INFO-FLOW: Setting directive 'PIPELINE' 
INFO-FLOW: Setting directive 'PIPELINE' 
INFO-FLOW: Setting directive 'PIPELINE' 
INFO-FLOW: Setting directive 'PIPELINE' 
INFO-FLOW: Setting directive 'PIPELINE' 
Execute     set_directive_pipeline conv2D/conv2D_label2 
INFO-FLOW: Setting directive 'PIPELINE' 
INFO-FLOW: Setting directive 'PIPELINE' 
INFO-FLOW: Setting directive 'PIPELINE' 
INFO-FLOW: Setting directive 'PIPELINE' 
INFO-FLOW: Setting directive 'PIPELINE' 
INFO-FLOW: Setting directive 'PIPELINE' 
Execute     set_directive_pipeline conv2D/conv2D_label3 
INFO-FLOW: Setting directive 'PIPELINE' 
INFO-FLOW: Setting directive 'PIPELINE' 
INFO-FLOW: Setting directive 'PIPELINE' 
INFO-FLOW: Setting directive 'PIPELINE' 
INFO-FLOW: Setting directive 'PIPELINE' 
INFO-FLOW: Setting directive 'PIPELINE' 
INFO-FLOW: Setting directive 'PIPELINE' 
Execute     set_directive_pipeline conv2D/conv2D_label8 
INFO-FLOW: Setting directive 'PIPELINE' 
INFO-FLOW: Setting directive 'PIPELINE' 
INFO-FLOW: Setting directive 'PIPELINE' 
INFO-FLOW: Setting directive 'PIPELINE' 
INFO-FLOW: Setting directive 'PIPELINE' 
INFO-FLOW: Setting directive 'PIPELINE' 
INFO-FLOW: Setting directive 'PIPELINE' 
INFO-FLOW: Setting directive 'PIPELINE' 
Execute   csynth_design 
Execute     get_config_compile -effort 
Execute     get_config_compile -enable_clang39 
Execute     get_config_compile -g 
Execute     get_config_compile -lm 
Execute     get_config_compile -ng 
Execute     get_config_compile -opt_fp 
Execute     get_config_compile -skip_cdt 
Execute     get_config_compile -skip_syncheck 
Execute     get_config_compile -skip_transform 
Execute     config_compile -blackbox  
Execute     get_config_compile -keep_printf 
Execute     elaborate -effort=medium -skip_syncheck=0 -keep_printf=0 -lm=0 -skip_cdt=0 -skip_transform=0 -ng=0 -g=0 -opt_fp=0 -from_csynth_design=1 
Execute       get_config_schedule -relax_ii_for_timing 
INFO: [SCHED 204-61] Option 'relax_ii_for_timing' is enabled, will increase II to preserve clock frequency constraints.
Execute       get_config_schedule -suppress_dependence_error_break 
INFO: [HLS 200-10] Analyzing design file 'conv2D.c' ... 
INFO-FLOW: Compiling one TU...
Execute       is_m_axi_addr64 
INFO-FLOW: Handling conv2D.c as C
Execute       get_default_platform 
Execute       is_encrypted conv2D.c 
INFO-FLOW: Running: GCC PP
INFO-FLOW: Source preprocessing
Execute       clang  -fno-limit-debug-info -gcc-toolchain "C:/Xilinx/Vivado/2018.3/msys" -hls  -fno-exceptions  -D__llvm__  -E "conv2D.c"     -fno-math-errno -c -emit-llvm -O0  -mllvm -disable-llvm-optzns -std=gnu89   -DAESL_SYN -D__SYNTHESIS__ -D__HLS_SYN__ -I "C:/Xilinx/Vivado/2018.3/common/technology/autopilot" -I "C:/Xilinx/Vivado/2018.3/common/technology/autopilot/ap_sysc" -include etc/autopilot_ssdm_op.h -D__DSP48E1__ -D__cdecl=  -o "C:/Users/Admin/Downloads/btl/final/solution2/.autopilot/db/conv2D.pp.0.c" 
INFO-FLOW: exec C:/Xilinx/Vivado/2018.3/win64/tools/clang/bin/clang -fno-limit-debug-info -gcc-toolchain C:/Xilinx/Vivado/2018.3/msys -hls -fno-exceptions -D__llvm__ -E conv2D.c -fno-math-errno -c -emit-llvm -O0 -mllvm -disable-llvm-optzns -std=gnu89 -DAESL_SYN -D__SYNTHESIS__ -D__HLS_SYN__ -I C:/Xilinx/Vivado/2018.3/common/technology/autopilot -I C:/Xilinx/Vivado/2018.3/common/technology/autopilot/ap_sysc -include etc/autopilot_ssdm_op.h -D__DSP48E1__ -D__cdecl= -o C:/Users/Admin/Downloads/btl/final/solution2/.autopilot/db/conv2D.pp.0.c
Command       clang done; 0.728 sec.
Execute       tidy_31 xilinx-xfmat-array-geometry C:/Users/Admin/Downloads/btl/final/solution2/.autopilot/db/conv2D.pp.0.c std=gnu89 
INFO-FLOW: exec C:/Xilinx/Vivado/2018.3/win64/tools/clang-3.9-csynth/bin/tidy-3.1 -header-filter=.* -checks=-*,xilinx-xfmat-array-geometry -quiet -fix C:/Users/Admin/Downloads/btl/final/solution2/.autopilot/db/conv2D.pp.0.c -- -std=gnu89 -fhls -ferror-limit=0
INFO-FLOW: Syntax Checking before pre-processing...
Execute       clang -syntaxcheck -src C:/Users/Admin/Downloads/btl/final/solution2/.autopilot/db/conv2D.pp.0.c  -fno-limit-debug-info -gcc-toolchain "C:/Xilinx/Vivado/2018.3/msys" -hls    -fno-math-errno -c -emit-llvm -O0  -mllvm -disable-llvm-optzns -std=gnu89   -DAESL_SYN -D__SYNTHESIS__ -D__HLS_SYN__ -I "C:/Xilinx/Vivado/2018.3/common/technology/autopilot" -I "C:/Xilinx/Vivado/2018.3/common/technology/autopilot/ap_sysc" -include etc/autopilot_ssdm_op.h -D__DSP48E1__ -D__cdecl=  "C:/Users/Admin/Downloads/btl/final/solution2/.autopilot/db/conv2D.pp.0.c"  -o "C:/Users/Admin/Downloads/btl/final/solution2/.autopilot/db/useless.bc"  
INFO-FLOW: exec C:/Xilinx/Vivado/2018.3/win64/tools/clang/bin/clang -fno-limit-debug-info -gcc-toolchain C:/Xilinx/Vivado/2018.3/msys -hls -fno-math-errno -c -emit-llvm -O0 -mllvm -disable-llvm-optzns -std=gnu89 -DAESL_SYN -D__SYNTHESIS__ -D__HLS_SYN__ -I C:/Xilinx/Vivado/2018.3/common/technology/autopilot -I C:/Xilinx/Vivado/2018.3/common/technology/autopilot/ap_sysc -include etc/autopilot_ssdm_op.h -D__DSP48E1__ -D__cdecl= C:/Users/Admin/Downloads/btl/final/solution2/.autopilot/db/conv2D.pp.0.c -o C:/Users/Admin/Downloads/btl/final/solution2/.autopilot/db/useless.bc
Command       clang done; 0.723 sec.
INFO-FLOW: Done: GCC PP time: 1.5 seconds per iteration
INFO-FLOW: Setting directive 'PIPELINE' 
INFO-FLOW: Setting directive 'PIPELINE' 
INFO-FLOW: Setting directive 'PIPELINE' 
INFO-FLOW: Setting directive 'PIPELINE' 
INFO-FLOW: Setting directive 'PIPELINE' 
INFO-FLOW: Setting directive 'PIPELINE' 
INFO-FLOW: Setting directive 'PIPELINE' 
INFO-FLOW: Setting directive 'PIPELINE' 
INFO-FLOW: Setting directive 'PIPELINE' 
INFO-FLOW: Setting directive 'PIPELINE' 
INFO-FLOW: Setting directive 'PIPELINE' 
INFO-FLOW: Setting directive 'PIPELINE' 
INFO-FLOW: Setting directive 'PIPELINE' 
INFO-FLOW: Setting directive 'PIPELINE' 
INFO-FLOW: Setting directive 'PIPELINE' 
INFO-FLOW: Setting directive 'PIPELINE' 
Execute       list_core -type functional_unit 
Execute       tidy_31 xilinx-systemc-detector C:/Users/Admin/Downloads/btl/final/solution2/.autopilot/db/conv2D.pp.0.c std=gnu89 -directive=C:/Users/Admin/Downloads/btl/final/solution2/.autopilot/db/.systemc_flag 
INFO-FLOW: exec C:/Xilinx/Vivado/2018.3/win64/tools/clang-3.9-csynth/bin/tidy-3.1 -header-filter=.* -checks=-*,xilinx-systemc-detector -import-directive=C:/Users/Admin/Downloads/btl/final/solution2/.autopilot/db/.systemc_flag -quiet -fix-errors C:/Users/Admin/Downloads/btl/final/solution2/.autopilot/db/conv2D.pp.0.c -- -std=gnu89 -fhls -ferror-limit=0
INFO-FLOW: Running: tidy-3.1 CDT preprocess
Execute       tidy_31 xilinx-directive2pragma C:/Users/Admin/Downloads/btl/final/solution2/.autopilot/db/conv2D.pp.0.c std=gnu89 -directive=C:/Users/Admin/Downloads/btl/final/solution2/.autopilot/db/all.directive.json 
INFO-FLOW: exec C:/Xilinx/Vivado/2018.3/win64/tools/clang-3.9-csynth/bin/tidy-3.1 -header-filter=.* -checks=-*,xilinx-directive2pragma -import-directive=C:/Users/Admin/Downloads/btl/final/solution2/.autopilot/db/all.directive.json -quiet -fix-errors C:/Users/Admin/Downloads/btl/final/solution2/.autopilot/db/conv2D.pp.0.c -- -std=gnu89 -fhls -ferror-limit=0
Execute       get_config_dataflow -strict_mode 
Execute       ap_eval exec -ignorestderr C:/Xilinx/Vivado/2018.3/win64/tools/clang-3.9-csynth/bin/xilinx-dataflow-lawyer -export-fixes=C:/Users/Admin/Downloads/btl/final/solution2/.autopilot/db/xilinx-dataflow-lawyer.conv2D.pp.0.c.diag.yml C:/Users/Admin/Downloads/btl/final/solution2/.autopilot/db/conv2D.pp.0.c -- -std=gnu99 -fhls -ferror-limit=0 -fstrict-dataflow > C:/Users/Admin/Downloads/btl/final/solution2/.autopilot/db/xilinx-dataflow-lawyer.conv2D.pp.0.c.out.log 2> C:/Users/Admin/Downloads/btl/final/solution2/.autopilot/db/xilinx-dataflow-lawyer.conv2D.pp.0.c.err.log 
Execute       tidy_31 -errorcheck xilinx-constantarray-param,xilinx-resource-pragma-transformer,xilinx-xfmat-array-geometry C:/Users/Admin/Downloads/btl/final/solution2/.autopilot/db/conv2D.pp.0.c std=gnu89 
Execute         ap_eval exec -ignorestderr C:/Xilinx/Vivado/2018.3/win64/tools/clang-3.9-csynth/bin/tidy-3.1 -export-fixes=C:/Users/Admin/Downloads/btl/final/solution2/.autopilot/db/tidy-3.1.conv2D.pp.0.c.diag.yml -header-filter=.* -checks=-*,xilinx-constantarray-param,xilinx-resource-pragma-transformer,xilinx-xfmat-array-geometry -quiet -fix-errors C:/Users/Admin/Downloads/btl/final/solution2/.autopilot/db/conv2D.pp.0.c -- -std=gnu89 -fhls -ferror-limit=0 > C:/Users/Admin/Downloads/btl/final/solution2/.autopilot/db/tidy-3.1.conv2D.pp.0.c.out.log 2> C:/Users/Admin/Downloads/btl/final/solution2/.autopilot/db/tidy-3.1.conv2D.pp.0.c.err.log 
Execute         ap_eval exec -ignorestderr C:/Xilinx/Vivado/2018.3/win64/tools/clang-3.9-csynth/bin/xilinx-legacy-rewriter C:/Users/Admin/Downloads/btl/final/solution2/.autopilot/db/conv2D.pp.0.c -- -std=gnu89 -fhls -ferror-limit=0 > C:/Users/Admin/Downloads/btl/final/solution2/.autopilot/db/xilinx-legacy-rewriter.conv2D.pp.0.c.out.log 2> C:/Users/Admin/Downloads/btl/final/solution2/.autopilot/db/xilinx-legacy-rewriter.conv2D.pp.0.c.err.log 
Command       tidy_31 done; 0.17 sec.
INFO-FLOW: Done: tidy-3.1 CDT preprocess time: 0.3 seconds per iteration
INFO-FLOW: Pragma Handling...
Execute       tidy_31 xilinx-ssdm-intrinsics-arguments C:/Users/Admin/Downloads/btl/final/solution2/.autopilot/db/conv2D.pragma.1.c std=gnu89 
INFO-FLOW: exec C:/Xilinx/Vivado/2018.3/win64/tools/clang-3.9-csynth/bin/tidy-3.1 -header-filter=.* -checks=-*,xilinx-ssdm-intrinsics-arguments -quiet -fix-errors C:/Users/Admin/Downloads/btl/final/solution2/.autopilot/db/conv2D.pragma.1.c -- -std=gnu89 -fhls -ferror-limit=0
Execute       get_default_platform 
INFO-FLOW: Processing labels
Execute       clang -src C:/Users/Admin/Downloads/btl/final/solution2/.autopilot/db/conv2D.pragma.2.c  -fno-limit-debug-info -gcc-toolchain C:/Xilinx/Vivado/2018.3/msys -hls -hls-analyze-label -hls-analyze-pragma -fno-exceptions  -D__llvm__  -w  "C:/Users/Admin/Downloads/btl/final/solution2/.autopilot/db/conv2D.pragma.2.c"    -fno-math-errno -c -emit-llvm -O0  -mllvm -disable-llvm-optzns -std=gnu89  -DAESL_SYN -D__SYNTHESIS__ -D__HLS_SYN__ -I "C:/Xilinx/Vivado/2018.3/common/technology/autopilot" -I "C:/Xilinx/Vivado/2018.3/common/technology/autopilot/ap_sysc" -include etc/autopilot_ssdm_op.h -D__DSP48E1__ -g -o "C:/Users/Admin/Downloads/btl/final/solution2/.autopilot/db/conv2D.bc" 
INFO-FLOW: exec C:/Xilinx/Vivado/2018.3/win64/tools/clang/bin/clang -fno-limit-debug-info -gcc-toolchain C:/Xilinx/Vivado/2018.3/msys -hls -hls-analyze-label -hls-analyze-pragma -fno-exceptions -D__llvm__ -w C:/Users/Admin/Downloads/btl/final/solution2/.autopilot/db/conv2D.pragma.2.c -fno-math-errno -c -emit-llvm -O0 -mllvm -disable-llvm-optzns -std=gnu89 -DAESL_SYN -D__SYNTHESIS__ -D__HLS_SYN__ -I C:/Xilinx/Vivado/2018.3/common/technology/autopilot -I C:/Xilinx/Vivado/2018.3/common/technology/autopilot/ap_sysc -include etc/autopilot_ssdm_op.h -D__DSP48E1__ -g -o C:/Users/Admin/Downloads/btl/final/solution2/.autopilot/db/conv2D.bc
Command       clang done; 0.744 sec.
INFO-FLOW: Linking Debug ...
Execute       llvm-ld C:/Users/Admin/Downloads/btl/final/solution2/.autopilot/db/conv2D.g.bc -hls-opt -except-internalize conv2D -LC:/Xilinx/Vivado/2018.3/win64/lib -lhlsm -lhlsmc++ -o C:/Users/Admin/Downloads/btl/final/solution2/.autopilot/db/a.g 
Command       llvm-ld done; 1.001 sec.
INFO: [HLS 200-111] Finished Linking Time (s): cpu = 00:00:01 ; elapsed = 00:00:05 . Memory (MB): peak = 104.348 ; gain = 19.242
INFO: [HLS 200-111] Finished Checking Pragmas Time (s): cpu = 00:00:01 ; elapsed = 00:00:05 . Memory (MB): peak = 104.348 ; gain = 19.242
Execute       get_config_sdx -target 
Execute       ::config_rtl 
Execute       opt_and_import_c a -opt_level=2 -skip_syncheck=0 -ng=0 -keep_printf=0 
Execute         cleanup_all_models 
INFO: [HLS 200-10] Starting code transformations ...
Execute         transform -promote-dbg-pointer C:/Users/Admin/Downloads/btl/final/solution2/.autopilot/db/a.pp.bc -o C:/Users/Admin/Downloads/btl/final/solution2/.autopilot/db/a.pp.0.bc -f 
Execute         llvm-ld C:/Users/Admin/Downloads/btl/final/solution2/.autopilot/db/a.pp.0.bc -disable-opt -LC:/Xilinx/Vivado/2018.3/win64/lib -lfloatconversion -o C:/Users/Admin/Downloads/btl/final/solution2/.autopilot/db/a.g.0 
Command         llvm-ld done; 0.376 sec.
INFO-FLOW: Running Standard Transforms...
Execute         transform -hls -share-std-xform -demangle-name -inline-byval-memcpy -always-inline -promote-dbg-pointer -interface-preproc -mem2reg -lower-blackbox -scalarrepl -mem2reg -keep-read-access -instcombine -dce -promote-dbg-pointer -bitop-raise -loop-simplify -indvarspre -indvars -loop-simplify -xunroll -constprop -instcombine -simplifycfg -indvars -simplifycfg -dce -globaldce -basicaa -simplifycfg -mem2reg -globalopt -global-constprop -deadargelim -instcombine -simplifycfg -prune-eh -simplifycfg -scalarrepl -instcombine -reassociate -licm -simplifycfg -loop-simplify -indvars -instcombine -simplifycfg -mem2reg -loop-simplify -indvars -instcombine -gvn -gvn -instcombine -adce -break-crit-edges -simplifycfg -loop-delete -global-array-opt -dce -dse -adce -find-syn-modules -top conv2D -deadargelim -mem2reg -instcombine -dce -presyn-prepare -auto-rom-infer -interface-preproc -syn-check -check-rec-only -find-region -simplifycfg -func-extr -function-inline -globaldce -mem2reg -instcombine -dce -gvn -globaldce -adce -adse -constprop -instcombine -bit-constprop -instcombine -dce -simplifycfg -bitop-raise -simplifycfg -dce -loop-delete -reassociate -globalopt -global-privatize -mem2reg -dce -global-constprop -pointer-simplify -constprop -dce -func-inst -deadargelim -auto-shift-reg-idiom -promote-dbg-pointer -norm-name C:/Users/Admin/Downloads/btl/final/solution2/.autopilot/db/a.g.0.bc -o C:/Users/Admin/Downloads/btl/final/solution2/.autopilot/db/a.g.1.bc -f -phase std-opt 
INFO: [HLS 200-111] Finished Standard Transforms Time (s): cpu = 00:00:01 ; elapsed = 00:00:05 . Memory (MB): peak = 105.684 ; gain = 20.578
INFO: [HLS 200-10] Checking synthesizability ...
INFO-FLOW: Checking Synthesizability 1/2..
Execute         transform -hls -syn-check -check-rec-only -disaggr -scalarrepl -norm-name -dce -mem2reg -instcombine -function-uniquify -directive-preproc -mem2reg -dse -dce -auto-rom-infer -dce -pag -array-normalize -instcombine -dce -warn-fifo-pointer -array-seg-normalize -instcombine -dce -array-flatten -instcombine -dce -array-burst -dce -deadargelim -promote-global-argument -simplifycfg -mem2reg -globaldce -resolve-double-ptr -dce -deadargelim -dce -instcombine -function-inline -globaldce -dce -doublePtrSimplify -doublePtrElim -dce -doublePtrSimplify -promote-dbg-pointer -dce -scalarrepl -dse -adse -instcombine -ptrLegalization -simplifycfg -dce -instcombine -pointer-simplify -ptrArgReplace -dce -instcombine -disaggr -scalarrepl -norm-name -dce -mem2reg -instcombine -ptrLegalization -simplifycfg -deadargelim -instcombine -dce -inst-simplify -function-uniquify -directive-preproc -mem2reg -dse -dce -globaldce -check-dspbuiltin C:/Users/Admin/Downloads/btl/final/solution2/.autopilot/db/a.g.1.bc -o C:/Users/Admin/Downloads/btl/final/solution2/.autopilot/db/a.g.2.prechk.bc -f 
INFO-FLOW: Checking Synthesizability 2/2..
Execute         transform -syn-check C:/Users/Admin/Downloads/btl/final/solution2/.autopilot/db/a.g.2.prechk.bc -o C:/Users/Admin/Downloads/btl/final/solution2/.autopilot/db/a.g.2.bc -f -phase syn-check 
INFO: [HLS 200-111] Finished Checking Synthesizability Time (s): cpu = 00:00:01 ; elapsed = 00:00:05 . Memory (MB): peak = 105.938 ; gain = 20.832
INFO-FLOW: Compiler optimizing ...
INFO-FLOW: Share syncheck's 1.bc for syn flow: copy C:/Users/Admin/Downloads/btl/final/solution2/.autopilot/db/a.g.1.bc to C:/Users/Admin/Downloads/btl/final/solution2/.autopilot/db/a.o.1.bc
INFO-FLOW: Presyn 1...
Execute         transform -hls -tmp C:/Users/Admin/Downloads/btl/final/solution2/.autopilot/db -interface-port-rename -type-info -function-uniquify -directive-preproc -mem2reg -dse -dce -disaggr -scalarrepl -norm-name -deadargelim -mem2reg -instcombine -dce -simplifycfg -auto-rom-infer -dce -function-uniquify -resource-proc -simplifycfg -mem2reg -globaldce -resolve-double-ptr -dce -deadargelim -dce -instcombine -clib-intrinsic-prepare -dce -func-buffer -dce -pag -array-normalize -func-legal -instcombine -gvn -constprop -dce -ptrArgReplace -mem2reg -instcombine -dce -array-seg-normalize -deadargelim -instcombine -dce -pointer-simplify -dce -port-alignment -dce -interface-preproc -data-pack -instcombine -dce -basicaa -aggr-aa -aggrmodref-aa -aggr-aa -gvn -gvn -basicaa -aggr-aa -aggrmodref-aa -aggr-aa -dse -adse -adce -loop-simplify -indvars -instcombine -gvn -loop-simplify -mem2reg -dce -find-region -instcombine -auto-loop-pipeline -inst-simplify -interface-preproc -cfgopt -instcombine -indvars -auto-loop-unroll -loop-simplify -loop-bound -xunroll -constprop -instcombine -simplifycfg -indvars -simplifycfg -dce -globaldce -clean-region -attach-range -gvn -inst-simplify -constprop -simplifycfg -dce -pointer-simplify -dce -globalopt -constprop -dce -array-promote -constprop -instcombine -dce -ptrArgReplace -mem2reg -instcombine -simplifycfg -dce -auto-par -instcombine -dce -array-transform-check -array-reshape -instcombine -simplifycfg -dce -ptrArgReplace -deadargelim -mem2reg -instcombine -simplifycfg -dce -indvars -loop-simplify -loop-bound -xunroll -constprop -instcombine -simplifycfg -indvars -simplifycfg -dce -globaldce -basicaa -aggr-aa -aggrmodref-aa -aggr-aa -dse -duplicate-dataflow-processes -globaldce -instcombine -array-partition -instcombine -simplifycfg -dce -ptrArgReplace -global-constprop -deadargelim -mem2reg -func-legal -instcombine -dce -global-constprop -deadargelim -mem2reg -instcombine -simplifycfg -dce -merge-param -deadargelim -globalopt -constprop -dce -array-promote -constprop -instcombine -dce -ptrArgReplace -mem2reg -instcombine -simplifycfg -dce -mem-intrinsic-preproc -dce -global-internalize -global-privatize -mem2reg -globaldce -promote-global-argument -ptrArgReplace -mem2reg -instcombine -dce -globalopt -mergereturn -simplify-global-access -mem2reg -dce -pointer-simplify -dce -functionattrs -basicaa -aggr-aa -aggrmodref-aa -aggr-aa -gvn -gvn -basicaa -aggr-aa -aggrmodref-aa -aggr-aa -dse -adse -adce -inst-simplify -dce -norm-name -function-inline -globaldce -func-inst -constprop -instcombine -simplifycfg -dce -func-legal -dce -loop-bound -arraycheck -bitwidthmin -on-by-dataflow -loop-delete -instcombine -simplifycfg -globaldce -dce -gvn -deadargelim -dce -loop-simplify -clean-region -simplifycfg -propagate-stable-arguments -loop-stream -instcombine -simplifycfg -dce -globaldce -duplicate-dataflow-processes -stream-intrinsic-preproc -dce -check-ap-stream -loop-simplify -eliminate-keepreads -extract-dataflow-in-loop -loop-simplify -dce -gvn -deadargelim -dse -check-dataflow-syntax -legalize-stream-variable -legalize-global -extract-subproc -dce -dead-channel-elimination -canonicalize-gep -globaldce -dce -gvn -deadargelim -annotate-dataflow-channels -scalar-propagation -deadargelim -globaldce -mem2reg -check-dataflow-channels -function-stream -dce -globaldce -prop-fifo-spec -internal-stream-gen -canonicalize-gep -globaldce -dce -gvn -deadargelim -mergereturn -indvars -loop-simplify -instcombine -array-stream -array-seg-normalize -array-partition -func-legal -instcombine -simplifycfg -dce -bundle-memfifo-ops -deadargelim -function-uniquify -directive-preproc -mem2reg -dse -dce -group-axi-access -licm -simplifycfg -dce -loop-delete -norm-name C:/Users/Admin/Downloads/btl/final/solution2/.autopilot/db/a.o.1.bc -o C:/Users/Admin/Downloads/btl/final/solution2/.autopilot/db/a.o.1.tmp.bc -f 
INFO: [XFORM 203-510] Pipelining loop 'Loop-2.1' (conv2D.c:11) in function 'conv2D' automatically.
INFO: [XFORM 203-502] Unrolling all sub-loops inside loop 'Loop-1.1' (conv2D.c:11) in function 'conv2D' for pipelining.
INFO: [HLS 200-489] Unrolling loop 'Loop-1.1.1' (conv2D.c:13) in function 'conv2D' completely with a factor of 3.
INFO: [HLS 200-489] Unrolling loop 'Loop-1.1.1.1' (conv2D.c:14) in function 'conv2D' completely with a factor of 3.
INFO-FLOW: Presyn 2...
Execute         transform -hls -keep-callgraph -scalarrepl -mem2reg -port-alignment -attach-range -dce -pipe-mux-gen -indvars -loop-bound -inst-simplify -instcombine -dce -merge-array-access -mem2reg -dce -clean-region -mergereturn -if-conv -instcombine -dce -constprop -basicaa -aggr-aa -aggrmodref-aa -aggr-aa -gvn -gvn -basicaa -aggr-aa -aggrmodref-aa -aggr-aa -dse -adse -adce -scalarrepl -mem2reg -global-constprop -deadargelim -deadargelim -instcombine -dce -simplifycfg -ptrArgReplace -mem2reg -function-inline -globaldce -mem2reg -instcombine -dce -expr-balance -instcombine -dce -bitwidthmin -interface-preproc -directive-preproc -inst-rectify -instcombine -dce -functionattrs -constprop -instcombine -bit-constprop -simplify-global-access -globalopt -globaldce -inst-simplify -instcombine -elimdeaddata -dce -loop-delete -simplifycfg -loop-simplify -auto-burst -norm-name C:/Users/Admin/Downloads/btl/final/solution2/.autopilot/db/a.o.1.tmp.bc -o C:/Users/Admin/Downloads/btl/final/solution2/.autopilot/db/a.o.2.bc -f -phase presyn 
INFO: [XFORM 203-11] Balancing expressions in function 'conv2D' (conv2D.c:4)...8 expression(s) balanced.
INFO: [HLS 200-111] Finished Pre-synthesis Time (s): cpu = 00:00:01 ; elapsed = 00:00:06 . Memory (MB): peak = 127.676 ; gain = 42.570
INFO-FLOW: Building ssdm...
Execute         transform -hls -function-uniquify -auto-function-inline -globaldce -ptrArgReplace -mem2reg -instcombine -dce -reset-lda -loop-simplify -indvars -licm -loop-dep -loop-bound -licm -loop-simplify -flattenloopnest -array-flatten -gvn -instcombine -dce -array-map -dce -func-legal -gvn -adce -instcombine -cfgopt -simplifycfg -loop-simplify -array-burst -promote-global-argument -dce -axi4-lower -array-seg-normalize -basicaa -aggrmodref-aa -globalsmodref-aa -aggr-aa -gvn -gvn -basicaa -aggrmodref-aa -globalsmodref-aa -aggr-aa -dse -adse -adce -licm -inst-simplify -dce -globaldce -instcombine -array-stream -eliminate-keepreads -instcombine -dce -deadargelim -doublePtrSimplify -doublePtrElim -dce -doublePtrSimplify -promote-dbg-pointer -dce -scalarrepl -mem2reg -disaggr -norm-name -mem2reg -instcombine -dse -adse -adce -ptrLegalization -dce -auto-rom-infer -array-flatten -dce -instcombine -check-doubleptr -loop-rot -constprop -cfgopt -simplifycfg -loop-simplify -indvars -pointer-simplify -dce -loop-bound -loop-simplify -loop-preproc -constprop -global-constprop -gvn -mem2reg -instcombine -dce -loop-bound -loop-merge -dce -bitwidthmin -deadargelim -dce -canonicalize-dataflow -dce -scalar-propagation -deadargelim -globaldce -mem2reg -read-loop-dep -interface-preproc -directive-preproc -interface-gen -bram-byte-enable -deadargelim -inst-simplify -dce -gvn -mem2reg -instcombine -dce -adse -loop-bound -instcombine -cfgopt -simplifycfg -loop-simplify -clean-region -io-protocol -find-region -mem2reg -bitop-raise -inst-simplify -inst-rectify -instcombine -adce -deadargelim -loop-simplify -phi-opt -bitop-raise -cfgopt -simplifycfg -strip-dead-prototypes -interface-lower -bitop-lower -intrinsic-lower -auto-function-inline -basicaa -aggrmodref-aa -globalsmodref-aa -aggr-aa -inst-simplify -simplifycfg -loop-simplify -mergereturn -inst-simplify -inst-rectify -dce -load-elim -bitop-lower -loop-rewind -pointer-simplify -dce -cfgopt -dce -bitwidth -loop-bound -loop-dep -read-loop-dep -dce -check-stream -norm-name -legalize -validate-dataflow -inst-clarity -cdfg-build C:/Users/Admin/Downloads/btl/final/solution2/.autopilot/db/a.o.2.bc -o C:/Users/Admin/Downloads/btl/final/solution2/.autopilot/db/a.o.3.bc -f -phase build-ssdm 
INFO: [XFORM 203-541] Flattening a loop nest 'Loop-1' (conv2D.c:10:19) in function 'conv2D'.
INFO: [HLS 200-111] Finished Architecture Synthesis Time (s): cpu = 00:00:01 ; elapsed = 00:00:06 . Memory (MB): peak = 127.676 ; gain = 42.570
INFO-FLOW: Finish building internal data model.
Command       opt_and_import_c done; 0.608 sec.
Command     elaborate done; 4.385 sec.
Execute     autosyn -from_csynth_design=1 
INFO: [HLS 200-10] Starting hardware synthesis ...
INFO-FLOW: Synthesizing C/C++ design ...
INFO: [HLS 200-10] Synthesizing 'conv2D' ...
Execute       ap_set_top_model conv2D 
Execute       get_model_list conv2D -filter all-wo-channel -topdown 
Execute       preproc_iomode -model conv2D 
Execute       get_model_list conv2D -filter all-wo-channel 
INFO-FLOW: Model list for configure: conv2D
INFO-FLOW: Configuring Module : conv2D ...
Execute       set_default_model conv2D 
Execute       apply_spec_resource_limit conv2D 
INFO-FLOW: Model list for preprocess: conv2D
INFO-FLOW: Preprocessing Module: conv2D ...
Execute       set_default_model conv2D 
Execute       cdfg_preprocess -model conv2D 
Execute       rtl_gen_preprocess conv2D 
WARNING: [SYN 201-107] Renaming port name 'conv2D/input' to 'conv2D/input_r' to avoid the conflict with HDL keywords or other object names.
WARNING: [SYN 201-107] Renaming port name 'conv2D/output' to 'conv2D/output_r' to avoid the conflict with HDL keywords or other object names.
INFO-FLOW: Model list for synthesis: conv2D
INFO: [HLS 200-10] ----------------------------------------------------------------
INFO: [HLS 200-42] -- Implementing module 'conv2D' 
INFO: [HLS 200-10] ----------------------------------------------------------------
Execute       set_default_model conv2D 
Execute       schedule -model conv2D 
INFO: [SCHED 204-11] Starting scheduling ...
INFO: [HLS 200-486] Changing DSP48 latency (root=tmp_1_1) to 3 in order to utilize available DSP registers.
INFO: [HLS 200-486] Changing DSP48 latency (root=tmp_1_0_2) to 3 in order to utilize available DSP registers.
INFO: [HLS 200-486] Changing DSP48 latency (root=tmp_1_0_1) to 3 in order to utilize available DSP registers.
INFO: [HLS 200-486] Changing DSP48 latency (root=tmp_1) to 3 in order to utilize available DSP registers.
INFO: [HLS 200-486] Changing DSP48 latency (root=tmp_1_2_2) to 3 in order to utilize available DSP registers.
INFO: [HLS 200-486] Changing DSP48 latency (root=tmp_1_2_1) to 3 in order to utilize available DSP registers.
INFO: [HLS 200-486] Changing DSP48 latency (root=tmp_1_2) to 3 in order to utilize available DSP registers.
INFO: [HLS 200-486] Changing DSP48 latency (root=tmp_1_1_2) to 3 in order to utilize available DSP registers.
INFO: [HLS 200-486] Changing DSP48 latency (root=tmp_1_1_1) to 3 in order to utilize available DSP registers.
INFO: [SCHED 204-61] Pipelining loop 'Loop 1'.
WARNING: [SCHED 204-69] Unable to schedule 'load' operation ('kernel_load_8', conv2D.c:15) on array 'kernel' due to limited memory ports. Please consider using a memory core with more ports or partitioning the array 'kernel'.
INFO: [SCHED 204-61] Pipelining result : Target II = 1, Final II = 5, Depth = 13.
INFO: [SCHED 204-11] Finished scheduling.
Command       schedule done; 0.446 sec.
INFO: [HLS 200-111]  Elapsed time: 6.119 seconds; current allocated memory: 77.843 MB.
Execute       report -o C:/Users/Admin/Downloads/btl/final/solution2/.autopilot/db/conv2D.verbose.sched.rpt -verbose -f 
Execute       db_write -o C:/Users/Admin/Downloads/btl/final/solution2/.autopilot/db/conv2D.sched.adb -f 
INFO-FLOW: Finish scheduling conv2D.
Execute       set_default_model conv2D 
Execute       bind -model conv2D 
BIND OPTION: effort=medium
BIND OPTION: fu_weight=[ 0.0 -- 1.0 ]
BIND OPTION: model=conv2D
BIND OPTION: reg_weight=[ 0.0 -- 1.0 ]
INFO: [BIND 205-100] Starting micro-architecture generation ...
INFO: [BIND 205-101] Performing variable lifetime analysis.
INFO: [BIND 205-101] Exploring resource sharing.
INFO: [BIND 205-101] Binding ...
INFO: [BIND 205-100] Finished micro-architecture generation.
INFO: [HLS 200-111]  Elapsed time: 0.165 seconds; current allocated memory: 78.405 MB.
Execute       report -o C:/Users/Admin/Downloads/btl/final/solution2/.autopilot/db/conv2D.verbose.bind.rpt -verbose -f 
Command       report done; 0.162 sec.
Execute       db_write -o C:/Users/Admin/Downloads/btl/final/solution2/.autopilot/db/conv2D.bind.adb -f 
INFO-FLOW: Finish binding conv2D.
Execute       get_model_list conv2D -filter all-wo-channel 
INFO-FLOW: Preprocessing for RTLGen ...
Execute       rtl_gen_preprocess conv2D 
INFO-FLOW: Model list for RTL generation: conv2D
INFO: [HLS 200-10] ----------------------------------------------------------------
INFO: [HLS 200-10] -- Generating RTL for module 'conv2D' 
INFO: [HLS 200-10] ----------------------------------------------------------------
Execute       get_config_rtl -prefix 
Execute       get_config_rtl -auto_prefix 
Execute       create_rtl_model conv2D -prefix conv2D_ -vendor xilinx -mg_file C:/Users/Admin/Downloads/btl/final/solution2/.autopilot/db/conv2D.compgen.tcl 
INFO: [RTGEN 206-500] Setting interface mode on port 'conv2D/input_r' to 'ap_memory'.
INFO: [RTGEN 206-500] Setting interface mode on port 'conv2D/kernel' to 'ap_memory'.
INFO: [RTGEN 206-500] Setting interface mode on port 'conv2D/output_r' to 'ap_memory'.
INFO: [RTGEN 206-500] Setting interface mode on function 'conv2D' to 'ap_ctrl_hs'.
INFO: [RTGEN 206-100] Generating core module 'conv2D_mul_32s_32s_32_4_1': 9 instance(s).
INFO: [RTGEN 206-100] Finished creating RTL model for 'conv2D'.
INFO: [HLS 200-111]  Elapsed time: 0.259 seconds; current allocated memory: 79.410 MB.
Execute       source C:/Users/Admin/Downloads/btl/final/solution2/.autopilot/db/conv2D.rtl_wrap.cfg.tcl 
Execute       gen_rtl conv2D -istop -style xilinx -tracefl mytrace -tracefmt vcd -traceopt all -f -lang sc -o C:/Users/Admin/Downloads/btl/final/solution2/syn/systemc/conv2D_conv2D -synmodules conv2D 
Execute       gen_rtl conv2D -istop -style xilinx -f -lang vhdl -o C:/Users/Admin/Downloads/btl/final/solution2/syn/vhdl/conv2D_conv2D 
Execute       gen_rtl conv2D -istop -style xilinx -f -lang vlog -o C:/Users/Admin/Downloads/btl/final/solution2/syn/verilog/conv2D_conv2D 
Execute       export_constraint_db -o C:/Users/Admin/Downloads/btl/final/solution2/.autopilot/db/conv2D.constraint.tcl -f -tool general 
Execute       report -model conv2D -o C:/Users/Admin/Downloads/btl/final/solution2/.autopilot/db/conv2D.design.xml -verbose -f -dv 
Execute       report -model conv2D -o C:/Users/Admin/Downloads/btl/final/solution2/.autopilot/db/conv2D.sdaccel.xml -verbose -f -sdaccel 
Execute       gen_tb_info conv2D -o C:/Users/Admin/Downloads/btl/final/solution2/.autopilot/db/conv2D -p C:/Users/Admin/Downloads/btl/final/solution2/.autopilot/db 
Execute       report -model conv2D -o C:/Users/Admin/Downloads/btl/final/solution2/syn/report/conv2D_csynth.rpt -f 
Execute       report -model conv2D -o C:/Users/Admin/Downloads/btl/final/solution2/syn/report/conv2D_csynth.xml -f -x 
Execute       report -model conv2D -o C:/Users/Admin/Downloads/btl/final/solution2/.autopilot/db/conv2D.verbose.rpt -verbose -f 
Command       report done; 0.209 sec.
Execute       db_write -model conv2D -o C:/Users/Admin/Downloads/btl/final/solution2/.autopilot/db/conv2D.adb -f 
Execute       sc_get_clocks conv2D 
Execute       get_config_export -vivado_clock 
Execute       sc_get_portdomain conv2D 
INFO-FLOW: Model list for RTL component generation: conv2D
INFO-FLOW: Handling components in module [conv2D] ... 
Execute       source C:/Users/Admin/Downloads/btl/final/solution2/.autopilot/db/conv2D.compgen.tcl 
INFO-FLOW: Found component conv2D_conv2D_mul_32s_32s_32_4_1.
INFO-FLOW: Append model conv2D_conv2D_mul_32s_32s_32_4_1
INFO-FLOW: Append model conv2D
INFO-FLOW: Generating RTL model list ...
INFO-FLOW: All models in this session: conv2D_conv2D_mul_32s_32s_32_4_1 conv2D
INFO-FLOW: To file: write model conv2D_conv2D_mul_32s_32s_32_4_1
INFO-FLOW: To file: write model conv2D
INFO-FLOW: Finished generating RTL model list.


INFO-FLOW: RTL Generation done.
INFO-FLOW: CAS Generation done.
INFO-FLOW: CBC Generation done.
INFO-FLOW: DBG:CMD: auto_generate_csynth_design
INFO-FLOW: DBG:CMD:     auto_generate --sim-model -phase csynth_design -d C:/Users/Admin/Downloads/btl/final/solution2
Execute       source C:/Users/Admin/Downloads/btl/final/solution2/.autopilot/db/global.setting.tcl 
INFO-FLOW: DBG:CMD: read_platform_lib C:/Users/Admin/Downloads/btl/final/solution2/.autopilot/db/global.setting.tcl
Execute       source C:/Xilinx/Vivado/2018.3/common/technology/generic/autopilot/common.gen 
Execute         source C:/Xilinx/Vivado/2018.3/common/technology/generic/autopilot/APCoreGen.gen 
Execute       source C:/Xilinx/Vivado/2018.3/common/technology/generic/autopilot/op.gen 
Execute       source C:/Xilinx/Vivado/2018.3/common/technology/generic/autopilot/op_simcore.gen 
Execute       source C:/Xilinx/Vivado/2018.3/common/technology/generic/autopilot/interface.gen 
Execute       source C:/Users/Admin/Downloads/btl/final/solution2/.autopilot/db/global.setting.tcl 
Execute       source C:/Xilinx/Vivado/2018.3/common/technology/xilinx/zynq/zynq.gen 
Execute         source C:/Xilinx/Vivado/2018.3/common/technology/xilinx/common/virtex.gen 
Execute           source C:/Xilinx/Vivado/2018.3/common/technology/xilinx/common/xilinx.gen 
Execute             source C:/Xilinx/Vivado/2018.3/common/technology/xilinx/interface/plb46.gen 
Execute             source C:/Xilinx/Vivado/2018.3/common/technology/xilinx/interface/fsl.gen 
Execute             source C:/Xilinx/Vivado/2018.3/common/technology/xilinx/interface/axi4.gen 
Execute             source C:/Xilinx/Vivado/2018.3/common/technology/xilinx/interface/nativeAXI4.gen 
Execute               source C:/Xilinx/Vivado/2018.3/common/technology/xilinx/interface/saxilite.gen 
Execute               source C:/Xilinx/Vivado/2018.3/common/technology/xilinx/interface/maxi.gen 
Execute             source C:/Xilinx/Vivado/2018.3/common/technology/xilinx/scripts/xilinxcoregen.gen 
Execute             source C:/Xilinx/Vivado/2018.3/common/technology/xilinx/interface/XilEDKCoreGen.gen 
Execute             source C:/Xilinx/Vivado/2018.3/common/technology/xilinx/ip/dds_compiler.gen 
Execute             source C:/Xilinx/Vivado/2018.3/common/technology/xilinx/ip/util.gen 
Execute             source C:/Xilinx/Vivado/2018.3/common/technology/xilinx/ip/xfft.gen 
Execute             source C:/Xilinx/Vivado/2018.3/common/technology/xilinx/ip/xfir.gen 
Command           ap_source done; 0.142 sec.
Execute           source C:/Xilinx/Vivado/2018.3/common/technology/xilinx/common/dsp48.gen 
Command         ap_source done; 0.146 sec.
Command       ap_source done; 0.146 sec.
Execute       source C:/Xilinx/Vivado/2018.3/common/technology/xilinx/zynq/zynq_fpv6.gen 
Execute         source C:/Xilinx/Vivado/2018.3/common/technology/xilinx/common/xilinx_fpv6.gen 
INFO-FLOW: DBG:CMD:   using AESL_AUTOCG::g_clock_period=10.000 (was NA)
INFO-FLOW: DBG:CMD:       generate_ip_cores sim=1 export=0 expOnly=0 dstVlogDir=syn/verilog
Execute       source C:/Users/Admin/Downloads/btl/final/solution2/.autopilot/db/global.setting.tcl 
Execute       source C:/Users/Admin/Downloads/btl/final/solution2/.autopilot/db/global.setting.tcl 
Execute       source C:/Users/Admin/Downloads/btl/final/solution2/.autopilot/db/global.setting.tcl 
Execute       source C:/Users/Admin/Downloads/btl/final/solution2/.autopilot/db/conv2D.compgen.tcl 
INFO: [RTMG 210-282] Generating pipelined core: 'conv2D_conv2D_mul_32s_32s_32_4_1_Mul4S_0'
INFO-FLOW: DBG:CMD:     auto_generate -export -impltomg_flag -rtl both -tool Vivado -pcore_version 1.00.a -phase csynth_design -d C:/Users/Admin/Downloads/btl/final/solution2
Execute       source C:/Users/Admin/Downloads/btl/final/solution2/.autopilot/db/global.setting.tcl 
INFO-FLOW: DBG:CMD: read_platform_lib C:/Users/Admin/Downloads/btl/final/solution2/.autopilot/db/global.setting.tcl
Execute       source C:/Xilinx/Vivado/2018.3/common/technology/generic/autopilot/common.gen 
Execute         source C:/Xilinx/Vivado/2018.3/common/technology/generic/autopilot/APCoreGen.gen 
Execute       source C:/Xilinx/Vivado/2018.3/common/technology/generic/autopilot/op.gen 
Execute       source C:/Xilinx/Vivado/2018.3/common/technology/generic/autopilot/op_simcore.gen 
Execute       source C:/Xilinx/Vivado/2018.3/common/technology/generic/autopilot/interface.gen 
Execute       source C:/Users/Admin/Downloads/btl/final/solution2/.autopilot/db/global.setting.tcl 
Execute       source C:/Xilinx/Vivado/2018.3/common/technology/xilinx/zynq/zynq.gen 
Execute         source C:/Xilinx/Vivado/2018.3/common/technology/xilinx/common/virtex.gen 
Execute           source C:/Xilinx/Vivado/2018.3/common/technology/xilinx/common/xilinx.gen 
Execute             source C:/Xilinx/Vivado/2018.3/common/technology/xilinx/interface/plb46.gen 
Execute             source C:/Xilinx/Vivado/2018.3/common/technology/xilinx/interface/fsl.gen 
Execute             source C:/Xilinx/Vivado/2018.3/common/technology/xilinx/interface/axi4.gen 
Execute             source C:/Xilinx/Vivado/2018.3/common/technology/xilinx/interface/nativeAXI4.gen 
Execute               source C:/Xilinx/Vivado/2018.3/common/technology/xilinx/interface/saxilite.gen 
Execute               source C:/Xilinx/Vivado/2018.3/common/technology/xilinx/interface/maxi.gen 
Execute             source C:/Xilinx/Vivado/2018.3/common/technology/xilinx/scripts/xilinxcoregen.gen 
Execute             source C:/Xilinx/Vivado/2018.3/common/technology/xilinx/interface/XilEDKCoreGen.gen 
Execute             source C:/Xilinx/Vivado/2018.3/common/technology/xilinx/ip/dds_compiler.gen 
Execute             source C:/Xilinx/Vivado/2018.3/common/technology/xilinx/ip/util.gen 
Execute             source C:/Xilinx/Vivado/2018.3/common/technology/xilinx/ip/xfft.gen 
Execute             source C:/Xilinx/Vivado/2018.3/common/technology/xilinx/ip/xfir.gen 
Command           ap_source done; 0.132 sec.
Execute           source C:/Xilinx/Vivado/2018.3/common/technology/xilinx/common/dsp48.gen 
Command         ap_source done; 0.135 sec.
Command       ap_source done; 0.135 sec.
Execute       source C:/Xilinx/Vivado/2018.3/common/technology/xilinx/zynq/zynq_fpv6.gen 
Execute         source C:/Xilinx/Vivado/2018.3/common/technology/xilinx/common/xilinx_fpv6.gen 
INFO-FLOW: DBG:CMD:       initCTypeInfo top_module=conv2D xml_exists=0
Execute       source C:/Users/Admin/Downloads/btl/final/solution2/.autopilot/db/conv2D.rtl_wrap.cfg.tcl 
Execute       source C:/Users/Admin/Downloads/btl/final/solution2/.autopilot/db/conv2D.rtl_wrap.cfg.tcl 
Execute       source C:/Users/Admin/Downloads/btl/final/solution2/.autopilot/db/conv2D.rtl_wrap.cfg.tcl 
Execute       source C:/Users/Admin/Downloads/btl/final/solution2/.autopilot/db/conv2D.tbgen.tcl 
Execute       source C:/Users/Admin/Downloads/btl/final/solution2/.autopilot/db/conv2D.tbgen.tcl 
INFO-FLOW: DBG:CMD:       export_impl_rtl
INFO-FLOW: DBG:CMD:       generate_ip_cores sim=0 export=0 expOnly=0 dstVlogDir=impl/.verilog
Execute       source C:/Users/Admin/Downloads/btl/final/solution2/.autopilot/db/global.setting.tcl 
Execute       source C:/Users/Admin/Downloads/btl/final/solution2/.autopilot/db/conv2D.compgen.tcl 
INFO-FLOW: DBG:CMD:       generate_ip_cores sim=0 export=1 expOnly=1 dstVlogDir=impl/.pcores/verilog
Execute       source C:/Users/Admin/Downloads/btl/final/solution2/.autopilot/db/global.setting.tcl 
Execute       source C:/Users/Admin/Downloads/btl/final/solution2/.autopilot/db/conv2D.compgen.tcl 
INFO-FLOW: DBG:CMD:       generate_ip_cores sim=0 export=0 expOnly=0 dstVlogDir=impl/.pcores/verilog_sim
Execute       source C:/Users/Admin/Downloads/btl/final/solution2/.autopilot/db/global.setting.tcl 
Execute       source C:/Users/Admin/Downloads/btl/final/solution2/.autopilot/db/conv2D.compgen.tcl 
Execute       source C:/Users/Admin/Downloads/btl/final/solution2/.autopilot/db/global.setting.tcl 
Execute       source C:/Users/Admin/Downloads/btl/final/solution2/.autopilot/db/conv2D.constraint.tcl 
Execute       source C:/Users/Admin/Downloads/btl/final/solution2/.autopilot/db/conv2D.tbgen.tcl 
INFO-FLOW: DBG:CMD:       hasPcoreIpAdapter=false #gSsdmPorts=8
INFO-FLOW: DBG:CMD: Skipping loadAnalyze_DB, #g_database=3
INFO-FLOW: DBG:CMD:       generate_json is_phase_csynth=1 g_has_adaptors=false generate_bd_files=0 #modelList=2 #gSsdmPorts=8
Execute       source C:/Users/Admin/Downloads/btl/final/solution2/.autopilot/db/global.setting.tcl 
Execute       source C:/Users/Admin/Downloads/btl/final/solution2/.autopilot/db/global.setting.tcl 
Execute       source C:/Users/Admin/Downloads/btl/final/solution2/.autopilot/db/conv2D.tbgen.tcl 
Execute       source C:/Users/Admin/Downloads/btl/final/solution2/.autopilot/db/conv2D.tbgen.tcl 
Execute       source C:/Users/Admin/Downloads/btl/final/solution2/.autopilot/db/global.setting.tcl 
Execute       get_config_sdx -target 
ERROR: [IMPL 213-400] The Vivado HLS generated IP does not comply with SDAccel integration requirements. Check interface pragmas to ensure the design only uses one s_axilite interface including the 'return' port and one or more m_axi interfaces with offset=slave set to the s_axilite interface; there should not be any other port interface used.
INFO-FLOW: DBG:CMD:       generate_json caught error
Found feature incompatible with SDX target
    while executing
"error "Found feature incompatible with SDX target""
    (procedure "get_dict_from_syn_report" line 847)
    invoked from within
"get_dict_from_syn_report $csynth_xml $tbgen_file"
    (procedure "::AP::DESIGN_DATA::generate_json" line 67)
    invoked from within
"::AP::DESIGN_DATA::generate_json $pcore_interface_dict $generate_bd_files $generate_xo_files $modelList"
INFO-FLOW: DBG:CMD: auto_generate_csynth_design -> auto_generate -export -impltomg_flag caught error
generate_json error: Found feature incompatible with SDX target
    while executing
"error "generate_json error: $res""
    (procedure "auto_generate" line 366)
    invoked from within
"auto_generate -export -impltomg_flag -rtl both -tool Vivado -pcore_version [get_default_pcore_version] {*}$common_args"
Execute       send_msg_by_id ERROR @200-445@%s generate_json error: Found feature incompatible with SDX target 
ERROR: [HLS 200-445] Unexpected error generating RTL model: generate_json error: Found feature incompatible with SDX target
Command     autosyn done; error code: 2; 2.555 sec.
Command   csynth_design done; error code: 2; 6.958 sec.
Command ap_source done; error code: 1; 7.419 sec.
Execute cleanup_all 
